{"meta": {"format": 3, "version": "7.6.1", "timestamp": "2024-09-22T15:45:16.872878", "branch_coverage": false, "show_contexts": false}, "files": {"string_utils/__init__.py": {"executed_lines": [3, 7, 8, 9], "summary": {"covered_lines": 4, "num_statements": 4, "percent_covered": 100.0, "percent_covered_display": "100", "missing_lines": 0, "excluded_lines": 0}, "missing_lines": [], "excluded_lines": [], "functions": {"": {"executed_lines": [3, 7, 8, 9], "summary": {"covered_lines": 4, "num_statements": 4, "percent_covered": 100.0, "percent_covered_display": "100", "missing_lines": 0, "excluded_lines": 0}, "missing_lines": [], "excluded_lines": []}}, "classes": {"": {"executed_lines": [3, 7, 8, 9], "summary": {"covered_lines": 4, "num_statements": 4, "percent_covered": 100.0, "percent_covered_display": "100", "missing_lines": 0, "excluded_lines": 0}, "missing_lines": [], "excluded_lines": []}}}, "string_utils/_regex.py": {"executed_lines": [3, 7, 9, 21, 23, 25, 27, 29, 31, 33, 35, 37, 39, 41, 43, 45, 54, 56, 58, 60, 62, 64, 66, 71, 76, 78, 153, 155, 157, 159], "summary": {"covered_lines": 30, "num_statements": 30, "percent_covered": 100.0, "percent_covered_display": "100", "missing_lines": 0, "excluded_lines": 0}, "missing_lines": [], "excluded_lines": [], "functions": {"": {"executed_lines": [3, 7, 9, 21, 23, 25, 27, 29, 31, 33, 35, 37, 39, 41, 43, 45, 54, 56, 58, 60, 62, 64, 66, 71, 76, 78, 153, 155, 157, 159], "summary": {"covered_lines": 30, "num_statements": 30, "percent_covered": 100.0, "percent_covered_display": "100", "missing_lines": 0, "excluded_lines": 0}, "missing_lines": [], "excluded_lines": []}}, "classes": {"": {"executed_lines": [3, 7, 9, 21, 23, 25, 27, 29, 31, 33, 35, 37, 39, 41, 43, 45, 54, 56, 58, 60, 62, 64, 66, 71, 76, 78, 153, 155, 157, 159], "summary": {"covered_lines": 30, "num_statements": 30, "percent_covered": 100.0, "percent_covered_display": "100", "missing_lines": 0, "excluded_lines": 0}, "missing_lines": [], "excluded_lines": []}}}, "string_utils/errors.py": {"executed_lines": [3, 6, 7, 11, 15, 16, 17], "summary": {"covered_lines": 6, "num_statements": 6, "percent_covered": 100.0, "percent_covered_display": "100", "missing_lines": 0, "excluded_lines": 0}, "missing_lines": [], "excluded_lines": [], "functions": {"InvalidInputError.__init__": {"executed_lines": [15, 16, 17], "summary": {"covered_lines": 3, "num_statements": 3, "percent_covered": 100.0, "percent_covered_display": "100", "missing_lines": 0, "excluded_lines": 0}, "missing_lines": [], "excluded_lines": []}, "": {"executed_lines": [3, 6, 7, 11], "summary": {"covered_lines": 3, "num_statements": 3, "percent_covered": 100.0, "percent_covered_display": "100", "missing_lines": 0, "excluded_lines": 0}, "missing_lines": [], "excluded_lines": []}}, "classes": {"InvalidInputError": {"executed_lines": [15, 16, 17], "summary": {"covered_lines": 3, "num_statements": 3, "percent_covered": 100.0, "percent_covered_display": "100", "missing_lines": 0, "excluded_lines": 0}, "missing_lines": [], "excluded_lines": []}, "": {"executed_lines": [3, 6, 7, 11], "summary": {"covered_lines": 3, "num_statements": 3, "percent_covered": 100.0, "percent_covered_display": "100", "missing_lines": 0, "excluded_lines": 0}, "missing_lines": [], "excluded_lines": []}}}, "string_utils/generation.py": {"executed_lines": [4, 11, 12, 13, 14, 15, 16, 18, 21, 33, 35, 36, 38, 41, 53, 54, 56, 57, 58, 60, 63, 78, 79, 81, 82, 83, 85, 88, 106, 107, 109, 112, 113, 115, 116, 118, 119, 122, 123, 124, 127, 130, 131, 132, 135, 136, 137, 138, 140], "summary": {"covered_lines": 49, "num_statements": 50, "percent_covered": 98.0, "percent_covered_display": "98", "missing_lines": 1, "excluded_lines": 0}, "missing_lines": [110], "excluded_lines": [], "functions": {"uuid": {"executed_lines": [33, 35, 36, 38], "summary": {"covered_lines": 4, "num_statements": 4, "percent_covered": 100.0, "percent_covered_display": "100", "missing_lines": 0, "excluded_lines": 0}, "missing_lines": [], "excluded_lines": []}, "random_string": {"executed_lines": [53, 54, 56, 57, 58, 60], "summary": {"covered_lines": 6, "num_statements": 6, "percent_covered": 100.0, "percent_covered_display": "100", "missing_lines": 0, "excluded_lines": 0}, "missing_lines": [], "excluded_lines": []}, "secure_random_hex": {"executed_lines": [78, 79, 81, 82, 83, 85], "summary": {"covered_lines": 6, "num_statements": 6, "percent_covered": 100.0, "percent_covered_display": "100", "missing_lines": 0, "excluded_lines": 0}, "missing_lines": [], "excluded_lines": []}, "roman_range": {"executed_lines": [106, 118, 130, 131, 132, 135, 136, 137, 138, 140], "summary": {"covered_lines": 10, "num_statements": 10, "percent_covered": 100.0, "percent_covered_display": "100", "missing_lines": 0, "excluded_lines": 0}, "missing_lines": [], "excluded_lines": []}, "roman_range.validate": {"executed_lines": [107, 109, 112, 113, 115, 116], "summary": {"covered_lines": 6, "num_statements": 7, "percent_covered": 85.71428571428571, "percent_covered_display": "86", "missing_lines": 1, "excluded_lines": 0}, "missing_lines": [110], "excluded_lines": []}, "roman_range.generate": {"executed_lines": [119, 122, 123, 124, 127], "summary": {"covered_lines": 5, "num_statements": 5, "percent_covered": 100.0, "percent_covered_display": "100", "missing_lines": 0, "excluded_lines": 0}, "missing_lines": [], "excluded_lines": []}, "": {"executed_lines": [4, 11, 12, 13, 14, 15, 16, 18, 21, 41, 63, 88], "summary": {"covered_lines": 12, "num_statements": 12, "percent_covered": 100.0, "percent_covered_display": "100", "missing_lines": 0, "excluded_lines": 0}, "missing_lines": [], "excluded_lines": []}}, "classes": {"": {"executed_lines": [4, 11, 12, 13, 14, 15, 16, 18, 21, 33, 35, 36, 38, 41, 53, 54, 56, 57, 58, 60, 63, 78, 79, 81, 82, 83, 85, 88, 106, 107, 109, 112, 113, 115, 116, 118, 119, 122, 123, 124, 127, 130, 131, 132, 135, 136, 137, 138, 140], "summary": {"covered_lines": 49, "num_statements": 50, "percent_covered": 98.0, "percent_covered_display": "98", "missing_lines": 1, "excluded_lines": 0}, "missing_lines": [110], "excluded_lines": []}}}, "string_utils/manipulation.py": {"executed_lines": [4, 21, 22, 23, 24, 25, 26, 28, 29, 30, 36, 38, 50, 52, 53, 55, 56, 59, 60, 63, 64, 67, 68, 71, 72, 73, 76, 78, 79, 81, 83, 86, 88, 89, 91, 92, 95, 97, 100, 104, 106, 108, 109, 110, 111, 112, 116, 117, 118, 122, 125, 128, 131, 133, 136, 142, 145, 146, 152, 154, 156, 159, 161, 162, 163, 166, 167, 169, 172, 173, 174, 176, 177, 180, 183, 188, 191, 193, 195, 196, 197, 201, 204, 207, 209, 212, 213, 214, 217, 219, 220, 222, 223, 225, 226, 227, 229, 230, 232, 233, 235, 238, 239, 241, 242, 246, 247, 248, 250, 252, 253, 256, 257, 260, 261, 263, 264, 265, 266, 267, 268, 269, 270, 271, 274, 275, 277, 282, 294, 297, 300, 315, 318, 321, 324, 341, 344, 347, 349, 350, 352, 354, 357, 382, 397, 398, 400, 402, 405, 429, 430, 433, 447, 451, 454, 457, 459, 462, 485, 489, 492, 495, 497, 500, 523, 524, 529, 551, 552, 561, 595, 598, 608, 611, 634, 637, 649], "summary": {"covered_lines": 177, "num_statements": 201, "percent_covered": 88.05970149253731, "percent_covered_display": "88", "missing_lines": 24, "excluded_lines": 0}, "missing_lines": [84, 114, 119, 164, 170, 215, 236, 295, 316, 319, 342, 345, 369, 370, 373, 376, 379, 448, 486, 526, 554, 555, 556, 558], "excluded_lines": [], "functions": {"__RomanNumbers.__encode_digit": {"executed_lines": [55, 56, 59, 60, 63, 64, 67, 68, 71, 72, 73, 76], "summary": {"covered_lines": 12, "num_statements": 12, "percent_covered": 100.0, "percent_covered_display": "100", "missing_lines": 0, "excluded_lines": 0}, "missing_lines": [], "excluded_lines": []}, "__RomanNumbers.encode": {"executed_lines": [81, 83, 86, 88, 89, 91, 92, 95, 97, 100, 104, 106], "summary": {"covered_lines": 12, "num_statements": 13, "percent_covered": 92.3076923076923, "percent_covered_display": "92", "missing_lines": 1, "excluded_lines": 0}, "missing_lines": [84], "excluded_lines": []}, "__RomanNumbers.__index_for_sign": {"executed_lines": [110, 111, 112], "summary": {"covered_lines": 3, "num_statements": 4, "percent_covered": 75.0, "percent_covered_display": "75", "missing_lines": 1, "excluded_lines": 0}, "missing_lines": [114], "excluded_lines": []}, "__RomanNumbers.decode": {"executed_lines": [118, 122, 125, 128, 131, 133, 136, 142, 145, 146, 152, 154, 156], "summary": {"covered_lines": 13, "num_statements": 14, "percent_covered": 92.85714285714286, "percent_covered_display": "93", "missing_lines": 1, "excluded_lines": 0}, "missing_lines": [119], "excluded_lines": []}, "__StringCompressor.__require_valid_input_and_encoding": {"executed_lines": [163, 166, 167, 169], "summary": {"covered_lines": 4, "num_statements": 6, "percent_covered": 66.66666666666667, "percent_covered_display": "67", "missing_lines": 2, "excluded_lines": 0}, "missing_lines": [164, 170], "excluded_lines": []}, "__StringCompressor.compress": {"executed_lines": [174, 176, 177, 180, 183, 188, 191, 193], "summary": {"covered_lines": 8, "num_statements": 8, "percent_covered": 100.0, "percent_covered_display": "100", "missing_lines": 0, "excluded_lines": 0}, "missing_lines": [], "excluded_lines": []}, "__StringCompressor.decompress": {"executed_lines": [197, 201, 204, 207, 209], "summary": {"covered_lines": 5, "num_statements": 5, "percent_covered": 100.0, "percent_covered_display": "100", "missing_lines": 0, "excluded_lines": 0}, "missing_lines": [], "excluded_lines": []}, "__StringFormatter.__init__": {"executed_lines": [214, 217], "summary": {"covered_lines": 2, "num_statements": 3, "percent_covered": 66.66666666666667, "percent_covered_display": "67", "missing_lines": 1, "excluded_lines": 0}, "missing_lines": [215], "excluded_lines": []}, "__StringFormatter.__uppercase_first_char": {"executed_lines": [220], "summary": {"covered_lines": 1, "num_statements": 1, "percent_covered": 100.0, "percent_covered_display": "100", "missing_lines": 0, "excluded_lines": 0}, "missing_lines": [], "excluded_lines": []}, "__StringFormatter.__remove_duplicates": {"executed_lines": [223], "summary": {"covered_lines": 1, "num_statements": 1, "percent_covered": 100.0, "percent_covered_display": "100", "missing_lines": 0, "excluded_lines": 0}, "missing_lines": [], "excluded_lines": []}, "__StringFormatter.__uppercase_first_letter_after_sign": {"executed_lines": [226, 227], "summary": {"covered_lines": 2, "num_statements": 2, "percent_covered": 100.0, "percent_covered_display": "100", "missing_lines": 0, "excluded_lines": 0}, "missing_lines": [], "excluded_lines": []}, "__StringFormatter.__ensure_right_space_only": {"executed_lines": [230], "summary": {"covered_lines": 1, "num_statements": 1, "percent_covered": 100.0, "percent_covered_display": "100", "missing_lines": 0, "excluded_lines": 0}, "missing_lines": [], "excluded_lines": []}, "__StringFormatter.__ensure_left_space_only": {"executed_lines": [233], "summary": {"covered_lines": 1, "num_statements": 1, "percent_covered": 100.0, "percent_covered_display": "100", "missing_lines": 0, "excluded_lines": 0}, "missing_lines": [], "excluded_lines": []}, "__StringFormatter.__ensure_spaces_around": {"executed_lines": [], "summary": {"covered_lines": 0, "num_statements": 1, "percent_covered": 0.0, "percent_covered_display": "0", "missing_lines": 1, "excluded_lines": 0}, "missing_lines": [236], "excluded_lines": []}, "__StringFormatter.__remove_internal_spaces": {"executed_lines": [239], "summary": {"covered_lines": 1, "num_statements": 1, "percent_covered": 100.0, "percent_covered_display": "100", "missing_lines": 0, "excluded_lines": 0}, "missing_lines": [], "excluded_lines": []}, "__StringFormatter.__fix_saxon_genitive": {"executed_lines": [242], "summary": {"covered_lines": 1, "num_statements": 1, "percent_covered": 100.0, "percent_covered_display": "100", "missing_lines": 0, "excluded_lines": 0}, "missing_lines": [], "excluded_lines": []}, "__StringFormatter.__placeholder_key": {"executed_lines": [248], "summary": {"covered_lines": 1, "num_statements": 1, "percent_covered": 100.0, "percent_covered_display": "100", "missing_lines": 0, "excluded_lines": 0}, "missing_lines": [], "excluded_lines": []}, "__StringFormatter.format": {"executed_lines": [252, 253, 256, 257, 260, 261, 263, 264, 265, 266, 267, 268, 269, 270, 271, 274, 275, 277], "summary": {"covered_lines": 18, "num_statements": 18, "percent_covered": 100.0, "percent_covered_display": "100", "missing_lines": 0, "excluded_lines": 0}, "missing_lines": [], "excluded_lines": []}, "reverse": {"executed_lines": [294, 297], "summary": {"covered_lines": 2, "num_statements": 3, "percent_covered": 66.66666666666667, "percent_covered_display": "67", "missing_lines": 1, "excluded_lines": 0}, "missing_lines": [295], "excluded_lines": []}, "camel_case_to_snake": {"executed_lines": [315, 318, 321], "summary": {"covered_lines": 3, "num_statements": 5, "percent_covered": 60.0, "percent_covered_display": "60", "missing_lines": 2, "excluded_lines": 0}, "missing_lines": [316, 319], "excluded_lines": []}, "snake_case_to_camel": {"executed_lines": [341, 344, 347, 349, 350, 352, 354], "summary": {"covered_lines": 7, "num_statements": 9, "percent_covered": 77.77777777777777, "percent_covered_display": "78", "missing_lines": 2, "excluded_lines": 0}, "missing_lines": [342, 345], "excluded_lines": []}, "shuffle": {"executed_lines": [], "summary": {"covered_lines": 0, "num_statements": 5, "percent_covered": 0.0, "percent_covered_display": "0", "missing_lines": 5, "excluded_lines": 0}, "missing_lines": [369, 370, 373, 376, 379], "excluded_lines": []}, "strip_html": {"executed_lines": [397, 398, 400, 402], "summary": {"covered_lines": 4, "num_statements": 4, "percent_covered": 100.0, "percent_covered_display": "100", "missing_lines": 0, "excluded_lines": 0}, "missing_lines": [], "excluded_lines": []}, "prettify": {"executed_lines": [429, 430], "summary": {"covered_lines": 2, "num_statements": 2, "percent_covered": 100.0, "percent_covered_display": "100", "missing_lines": 0, "excluded_lines": 0}, "missing_lines": [], "excluded_lines": []}, "asciify": {"executed_lines": [447, 451, 454, 457, 459], "summary": {"covered_lines": 5, "num_statements": 6, "percent_covered": 83.33333333333333, "percent_covered_display": "83", "missing_lines": 1, "excluded_lines": 0}, "missing_lines": [448], "excluded_lines": []}, "slugify": {"executed_lines": [485, 489, 492, 495, 497], "summary": {"covered_lines": 5, "num_statements": 6, "percent_covered": 83.33333333333333, "percent_covered_display": "83", "missing_lines": 1, "excluded_lines": 0}, "missing_lines": [486], "excluded_lines": []}, "booleanize": {"executed_lines": [523, 524], "summary": {"covered_lines": 2, "num_statements": 3, "percent_covered": 66.66666666666667, "percent_covered_display": "67", "missing_lines": 1, "excluded_lines": 0}, "missing_lines": [526], "excluded_lines": []}, "strip_margin": {"executed_lines": [551, 552], "summary": {"covered_lines": 2, "num_statements": 6, "percent_covered": 33.333333333333336, "percent_covered_display": "33", "missing_lines": 4, "excluded_lines": 0}, "missing_lines": [554, 555, 556, 558], "excluded_lines": []}, "compress": {"executed_lines": [595], "summary": {"covered_lines": 1, "num_statements": 1, "percent_covered": 100.0, "percent_covered_display": "100", "missing_lines": 0, "excluded_lines": 0}, "missing_lines": [], "excluded_lines": []}, "decompress": {"executed_lines": [608], "summary": {"covered_lines": 1, "num_statements": 1, "percent_covered": 100.0, "percent_covered_display": "100", "missing_lines": 0, "excluded_lines": 0}, "missing_lines": [], "excluded_lines": []}, "roman_encode": {"executed_lines": [634], "summary": {"covered_lines": 1, "num_statements": 1, "percent_covered": 100.0, "percent_covered_display": "100", "missing_lines": 0, "excluded_lines": 0}, "missing_lines": [], "excluded_lines": []}, "roman_decode": {"executed_lines": [649], "summary": {"covered_lines": 1, "num_statements": 1, "percent_covered": 100.0, "percent_covered_display": "100", "missing_lines": 0, "excluded_lines": 0}, "missing_lines": [], "excluded_lines": []}, "": {"executed_lines": [4, 21, 22, 23, 24, 25, 26, 28, 29, 30, 36, 38, 50, 52, 53, 78, 79, 108, 109, 116, 117, 159, 161, 162, 172, 173, 195, 196, 212, 213, 219, 222, 225, 229, 232, 235, 238, 241, 246, 247, 250, 282, 300, 324, 357, 382, 405, 433, 462, 500, 529, 561, 598, 611, 637], "summary": {"covered_lines": 55, "num_statements": 55, "percent_covered": 100.0, "percent_covered_display": "100", "missing_lines": 0, "excluded_lines": 0}, "missing_lines": [], "excluded_lines": []}}, "classes": {"__RomanNumbers": {"executed_lines": [55, 56, 59, 60, 63, 64, 67, 68, 71, 72, 73, 76, 81, 83, 86, 88, 89, 91, 92, 95, 97, 100, 104, 106, 110, 111, 112, 118, 122, 125, 128, 131, 133, 136, 142, 145, 146, 152, 154, 156], "summary": {"covered_lines": 40, "num_statements": 43, "percent_covered": 93.02325581395348, "percent_covered_display": "93", "missing_lines": 3, "excluded_lines": 0}, "missing_lines": [84, 114, 119], "excluded_lines": []}, "__StringCompressor": {"executed_lines": [163, 166, 167, 169, 174, 176, 177, 180, 183, 188, 191, 193, 197, 201, 204, 207, 209], "summary": {"covered_lines": 17, "num_statements": 19, "percent_covered": 89.47368421052632, "percent_covered_display": "89", "missing_lines": 2, "excluded_lines": 0}, "missing_lines": [164, 170], "excluded_lines": []}, "__StringFormatter": {"executed_lines": [214, 217, 220, 223, 226, 227, 230, 233, 239, 242, 248, 252, 253, 256, 257, 260, 261, 263, 264, 265, 266, 267, 268, 269, 270, 271, 274, 275, 277], "summary": {"covered_lines": 29, "num_statements": 31, "percent_covered": 93.54838709677419, "percent_covered_display": "94", "missing_lines": 2, "excluded_lines": 0}, "missing_lines": [215, 236], "excluded_lines": []}, "": {"executed_lines": [4, 21, 22, 23, 24, 25, 26, 28, 29, 30, 36, 38, 50, 52, 53, 78, 79, 108, 109, 116, 117, 159, 161, 162, 172, 173, 195, 196, 212, 213, 219, 222, 225, 229, 232, 235, 238, 241, 246, 247, 250, 282, 294, 297, 300, 315, 318, 321, 324, 341, 344, 347, 349, 350, 352, 354, 357, 382, 397, 398, 400, 402, 405, 429, 430, 433, 447, 451, 454, 457, 459, 462, 485, 489, 492, 495, 497, 500, 523, 524, 529, 551, 552, 561, 595, 598, 608, 611, 634, 637, 649], "summary": {"covered_lines": 91, "num_statements": 108, "percent_covered": 84.25925925925925, "percent_covered_display": "84", "missing_lines": 17, "excluded_lines": 0}, "missing_lines": [295, 316, 319, 342, 345, 369, 370, 373, 376, 379, 448, 486, 526, 554, 555, 556, 558], "excluded_lines": []}}}, "string_utils/validation.py": {"executed_lines": [4, 31, 32, 33, 35, 36, 42, 43, 44, 47, 49, 50, 51, 53, 54, 55, 56, 58, 63, 65, 66, 67, 69, 70, 71, 73, 75, 76, 78, 83, 95, 98, 113, 116, 135, 138, 141, 156, 159, 172, 177, 193, 194, 196, 198, 199, 201, 204, 220, 221, 223, 225, 228, 229, 232, 233, 236, 238, 240, 244, 247, 269, 270, 272, 279, 280, 281, 283, 286, 305, 308, 329, 330, 334, 335, 340, 342, 345, 359, 360, 361, 362, 363, 365, 368, 385, 387, 388, 390, 393, 407, 408, 411, 412, 413, 415, 418, 434, 451, 471, 472, 474, 475, 477, 483, 484, 485, 487, 488, 489, 491, 492, 494, 497, 510, 511, 513, 516, 529, 532, 547, 548, 550, 552, 555, 571, 574, 577, 595, 596, 598, 601, 617, 618, 621, 637, 638, 641, 656, 657], "summary": {"covered_lines": 140, "num_statements": 152, "percent_covered": 92.10526315789474, "percent_covered_display": "92", "missing_lines": 12, "excluded_lines": 0}, "missing_lines": [45, 60, 61, 136, 234, 242, 273, 274, 277, 431, 448, 572], "excluded_lines": [], "functions": {"__ISBNChecker.__init__": {"executed_lines": [44, 47], "summary": {"covered_lines": 2, "num_statements": 3, "percent_covered": 66.66666666666667, "percent_covered_display": "67", "missing_lines": 1, "excluded_lines": 0}, "missing_lines": [45], "excluded_lines": []}, "__ISBNChecker.is_isbn_13": {"executed_lines": [50, 51, 53, 54, 55, 56, 58, 63], "summary": {"covered_lines": 8, "num_statements": 10, "percent_covered": 80.0, "percent_covered_display": "80", "missing_lines": 2, "excluded_lines": 0}, "missing_lines": [60, 61], "excluded_lines": []}, "__ISBNChecker.is_isbn_10": {"executed_lines": [66, 67, 69, 70, 71, 73, 75, 76, 78], "summary": {"covered_lines": 9, "num_statements": 9, "percent_covered": 100.0, "percent_covered_display": "100", "missing_lines": 0, "excluded_lines": 0}, "missing_lines": [], "excluded_lines": []}, "is_string": {"executed_lines": [95], "summary": {"covered_lines": 1, "num_statements": 1, "percent_covered": 100.0, "percent_covered_display": "100", "missing_lines": 0, "excluded_lines": 0}, "missing_lines": [], "excluded_lines": []}, "is_full_string": {"executed_lines": [113], "summary": {"covered_lines": 1, "num_statements": 1, "percent_covered": 100.0, "percent_covered_display": "100", "missing_lines": 0, "excluded_lines": 0}, "missing_lines": [], "excluded_lines": []}, "is_number": {"executed_lines": [135, 138], "summary": {"covered_lines": 2, "num_statements": 3, "percent_covered": 66.66666666666667, "percent_covered_display": "67", "missing_lines": 1, "excluded_lines": 0}, "missing_lines": [136], "excluded_lines": []}, "is_integer": {"executed_lines": [156], "summary": {"covered_lines": 1, "num_statements": 1, "percent_covered": 100.0, "percent_covered_display": "100", "missing_lines": 0, "excluded_lines": 0}, "missing_lines": [], "excluded_lines": []}, "is_decimal": {"executed_lines": [172], "summary": {"covered_lines": 1, "num_statements": 1, "percent_covered": 100.0, "percent_covered_display": "100", "missing_lines": 0, "excluded_lines": 0}, "missing_lines": [], "excluded_lines": []}, "is_url": {"executed_lines": [193, 194, 196, 198, 199, 201], "summary": {"covered_lines": 6, "num_statements": 6, "percent_covered": 100.0, "percent_covered_display": "100", "missing_lines": 0, "excluded_lines": 0}, "missing_lines": [], "excluded_lines": []}, "is_email": {"executed_lines": [220, 221, 223, 225, 228, 229, 232, 233, 236, 238, 240, 244], "summary": {"covered_lines": 12, "num_statements": 14, "percent_covered": 85.71428571428571, "percent_covered_display": "86", "missing_lines": 2, "excluded_lines": 0}, "missing_lines": [234, 242], "excluded_lines": []}, "is_credit_card": {"executed_lines": [269, 270, 272, 279, 280, 281, 283], "summary": {"covered_lines": 7, "num_statements": 10, "percent_covered": 70.0, "percent_covered_display": "70", "missing_lines": 3, "excluded_lines": 0}, "missing_lines": [273, 274, 277], "excluded_lines": []}, "is_camel_case": {"executed_lines": [305], "summary": {"covered_lines": 1, "num_statements": 1, "percent_covered": 100.0, "percent_covered_display": "100", "missing_lines": 0, "excluded_lines": 0}, "missing_lines": [], "excluded_lines": []}, "is_snake_case": {"executed_lines": [329, 330, 334, 335, 340, 342], "summary": {"covered_lines": 6, "num_statements": 6, "percent_covered": 100.0, "percent_covered_display": "100", "missing_lines": 0, "excluded_lines": 0}, "missing_lines": [], "excluded_lines": []}, "is_json": {"executed_lines": [359, 360, 361, 362, 363, 365], "summary": {"covered_lines": 6, "num_statements": 6, "percent_covered": 100.0, "percent_covered_display": "100", "missing_lines": 0, "excluded_lines": 0}, "missing_lines": [], "excluded_lines": []}, "is_uuid": {"executed_lines": [385, 387, 388, 390], "summary": {"covered_lines": 4, "num_statements": 4, "percent_covered": 100.0, "percent_covered_display": "100", "missing_lines": 0, "excluded_lines": 0}, "missing_lines": [], "excluded_lines": []}, "is_ip_v4": {"executed_lines": [407, 408, 411, 412, 413, 415], "summary": {"covered_lines": 6, "num_statements": 6, "percent_covered": 100.0, "percent_covered_display": "100", "missing_lines": 0, "excluded_lines": 0}, "missing_lines": [], "excluded_lines": []}, "is_ip_v6": {"executed_lines": [], "summary": {"covered_lines": 0, "num_statements": 1, "percent_covered": 0.0, "percent_covered_display": "0", "missing_lines": 1, "excluded_lines": 0}, "missing_lines": [431], "excluded_lines": []}, "is_ip": {"executed_lines": [], "summary": {"covered_lines": 0, "num_statements": 1, "percent_covered": 0.0, "percent_covered_display": "0", "missing_lines": 1, "excluded_lines": 0}, "missing_lines": [448], "excluded_lines": []}, "is_palindrome": {"executed_lines": [471, 472, 474, 475, 477, 483, 484, 485, 487, 488, 489, 491, 492, 494], "summary": {"covered_lines": 14, "num_statements": 14, "percent_covered": 100.0, "percent_covered_display": "100", "missing_lines": 0, "excluded_lines": 0}, "missing_lines": [], "excluded_lines": []}, "is_pangram": {"executed_lines": [510, 511, 513], "summary": {"covered_lines": 3, "num_statements": 3, "percent_covered": 100.0, "percent_covered_display": "100", "missing_lines": 0, "excluded_lines": 0}, "missing_lines": [], "excluded_lines": []}, "is_isogram": {"executed_lines": [529], "summary": {"covered_lines": 1, "num_statements": 1, "percent_covered": 100.0, "percent_covered_display": "100", "missing_lines": 0, "excluded_lines": 0}, "missing_lines": [], "excluded_lines": []}, "is_slug": {"executed_lines": [547, 548, 550, 552], "summary": {"covered_lines": 4, "num_statements": 4, "percent_covered": 100.0, "percent_covered_display": "100", "missing_lines": 0, "excluded_lines": 0}, "missing_lines": [], "excluded_lines": []}, "contains_html": {"executed_lines": [571, 574], "summary": {"covered_lines": 2, "num_statements": 3, "percent_covered": 66.66666666666667, "percent_covered_display": "67", "missing_lines": 1, "excluded_lines": 0}, "missing_lines": [572], "excluded_lines": []}, "words_count": {"executed_lines": [595, 596, 598], "summary": {"covered_lines": 3, "num_statements": 3, "percent_covered": 100.0, "percent_covered_display": "100", "missing_lines": 0, "excluded_lines": 0}, "missing_lines": [], "excluded_lines": []}, "is_isbn_10": {"executed_lines": [617, 618], "summary": {"covered_lines": 2, "num_statements": 2, "percent_covered": 100.0, "percent_covered_display": "100", "missing_lines": 0, "excluded_lines": 0}, "missing_lines": [], "excluded_lines": []}, "is_isbn_13": {"executed_lines": [637, 638], "summary": {"covered_lines": 2, "num_statements": 2, "percent_covered": 100.0, "percent_covered_display": "100", "missing_lines": 0, "excluded_lines": 0}, "missing_lines": [], "excluded_lines": []}, "is_isbn": {"executed_lines": [656, 657], "summary": {"covered_lines": 2, "num_statements": 2, "percent_covered": 100.0, "percent_covered_display": "100", "missing_lines": 0, "excluded_lines": 0}, "missing_lines": [], "excluded_lines": []}, "": {"executed_lines": [4, 31, 32, 33, 35, 36, 42, 43, 49, 65, 83, 98, 116, 141, 159, 177, 204, 247, 286, 308, 345, 368, 393, 418, 434, 451, 497, 516, 532, 555, 577, 601, 621, 641], "summary": {"covered_lines": 34, "num_statements": 34, "percent_covered": 100.0, "percent_covered_display": "100", "missing_lines": 0, "excluded_lines": 0}, "missing_lines": [], "excluded_lines": []}}, "classes": {"__ISBNChecker": {"executed_lines": [44, 47, 50, 51, 53, 54, 55, 56, 58, 63, 66, 67, 69, 70, 71, 73, 75, 76, 78], "summary": {"covered_lines": 19, "num_statements": 22, "percent_covered": 86.36363636363636, "percent_covered_display": "86", "missing_lines": 3, "excluded_lines": 0}, "missing_lines": [45, 60, 61], "excluded_lines": []}, "": {"executed_lines": [4, 31, 32, 33, 35, 36, 42, 43, 49, 65, 83, 95, 98, 113, 116, 135, 138, 141, 156, 159, 172, 177, 193, 194, 196, 198, 199, 201, 204, 220, 221, 223, 225, 228, 229, 232, 233, 236, 238, 240, 244, 247, 269, 270, 272, 279, 280, 281, 283, 286, 305, 308, 329, 330, 334, 335, 340, 342, 345, 359, 360, 361, 362, 363, 365, 368, 385, 387, 388, 390, 393, 407, 408, 411, 412, 413, 415, 418, 434, 451, 471, 472, 474, 475, 477, 483, 484, 485, 487, 488, 489, 491, 492, 494, 497, 510, 511, 513, 516, 529, 532, 547, 548, 550, 552, 555, 571, 574, 577, 595, 596, 598, 601, 617, 618, 621, 637, 638, 641, 656, 657], "summary": {"covered_lines": 121, "num_statements": 130, "percent_covered": 93.07692307692308, "percent_covered_display": "93", "missing_lines": 9, "excluded_lines": 0}, "missing_lines": [136, 234, 242, 273, 274, 277, 431, 448, 572], "excluded_lines": []}}}}, "totals": {"covered_lines": 406, "num_statements": 443, "percent_covered": 91.64785553047405, "percent_covered_display": "92", "missing_lines": 37, "excluded_lines": 0}}