<?xml version='1.0' encoding='utf-8'?>
<testsuite errors="0" failures="948" skips="0" tests="1122"><testcase><mutation classname="7af538a5246447f49962a8ea75fdecba" line="71" file="validation.py" /></testcase><testcase><mutation classname="59d5f09c189345e584c20915b3d27bc9" line="236" file="validation.py" /></testcase><testcase><mutation classname="5a31a8710712488bbd85c9f20dfe2335" line="236" file="validation.py" /></testcase><testcase><mutation classname="7631dfe481fd4692a1ea0f5fea8e67f5" line="550" file="validation.py" /></testcase><testcase><mutation classname="a2da03a06beb40768c794e0abff64331" line="550" file="validation.py" /></testcase><testcase><mutation classname="9b2d1cc4f31c4df3a0c677ee2408ad71" line="71" file="validation.py" /></testcase><testcase><mutation classname="8903a574a8a94b00bfac125d12b5d6c4" line="236" file="validation.py" /></testcase><testcase><mutation classname="826a2e8ac77e4bb3974328cdb5e7d3c2" line="236" file="validation.py" /></testcase><testcase><mutation classname="56b115c094004b97821acb71b79ef168" line="550" file="validation.py" /></testcase><testcase><mutation classname="e83bea6e50db49948507ee64a23e3759" line="550" file="validation.py" /></testcase><testcase><mutation classname="adf3bb98151c4edaad56f111c07d80e7" line="71" file="validation.py" /></testcase><testcase><mutation classname="16296d71ca724c20877fb0ea43baaa1e" line="236" file="validation.py" /></testcase><testcase><mutation classname="01f682c4af704425a01b67bae982502b" line="236" file="validation.py" /></testcase><testcase><mutation classname="338b6b4e06af495b832a55105508578d" line="550" file="validation.py" /></testcase><testcase><mutation classname="e6a8f62f32e44d95ac1f41ea7d8c0d80" line="550" file="validation.py" /></testcase><testcase><mutation classname="cafeff60155b439380217a11382260ff" line="71" file="validation.py" /></testcase><testcase><mutation classname="b88ee0cf8bcc4b7fa5eb1809ba98f595" line="236" file="validation.py" /></testcase><testcase><mutation classname="930e09b9c1ac461782122ffb5ab1c38f" line="236" file="validation.py" /></testcase><testcase><mutation classname="5979f8531f5d46e797cbd2579e78d802" line="550" file="validation.py" /></testcase><testcase><mutation classname="2aceb329e3a944d5bf1717d8db0873d6" line="550" file="validation.py" /></testcase><testcase><mutation classname="577cd9b16c97492e99ecfb14f702ee05" line="71" file="validation.py" /><failure message="Mutant has survived your unit tests">============================= test session starts ==============================
platform linux -- Python 3.8.19, pytest-8.3.3, pluggy-1.5.0
rootdir: /mnt/temp/python-string-utils3
plugins: cov-5.0.0
collected 407 items

../guut_tests/test_asciify.py ...                                        [  0%]
../guut_tests/test_booleanize.py ....                                    [  1%]
../guut_tests/test_camel_case_to_snake.py .........                      [  3%]
../guut_tests/test_compress.py .....                                     [  5%]
../guut_tests/test_contains_html.py ...................                  [  9%]
../guut_tests/test_decompress.py ...                                     [ 10%]
../guut_tests/test_is_camel_case.py ........                             [ 12%]
../guut_tests/test_is_credit_card.py .......                             [ 14%]
../guut_tests/test_is_decimal.py .......                                 [ 15%]
../guut_tests/test_is_email.py ......................................... [ 26%]
.................                                                        [ 30%]
../guut_tests/test_is_full_string.py ...                                 [ 30%]
../guut_tests/test_is_integer.py .....                                   [ 32%]
../guut_tests/test_is_ip.py .......                                      [ 33%]
../guut_tests/test_is_ip_v4.py ........                                  [ 35%]
../guut_tests/test_is_ip_v6.py .....                                     [ 37%]
../guut_tests/test_is_isbn_10.py ......                                  [ 38%]
../guut_tests/test_is_isbn_13.py ......                                  [ 40%]
../guut_tests/test_is_isbn.py ......                                     [ 41%]
../guut_tests/test_is_isogram.py ....                                    [ 42%]
../guut_tests/test_is_json.py ......................                     [ 47%]
../guut_tests/test_is_number.py ............                             [ 50%]
../guut_tests/test_is_palindrome.py ......                               [ 52%]
../guut_tests/test_is_pangram.py ...                                     [ 53%]
../guut_tests/test_is_slug.py .........                                  [ 55%]
../guut_tests/test_is_snake_case.py .........                            [ 57%]
../guut_tests/test_is_string.py ...                                      [ 58%]
../guut_tests/test_is_url.py ........................                    [ 64%]
../guut_tests/test_is_uuid.py ....                                       [ 65%]
../guut_tests/test_prettify.py ......................................... [ 75%]
...........                                                              [ 77%]
../guut_tests/test_random_string.py ....                                 [ 78%]
../guut_tests/test_reverse.py ...                                        [ 79%]
../guut_tests/test_roman_decode.py .........                             [ 81%]
../guut_tests/test_roman_encode.py ..........                            [ 84%]
../guut_tests/test_roman_range.py .........                              [ 86%]
../guut_tests/test_secure_random_hex.py ....                             [ 87%]
../guut_tests/test_shuffle.py ......                                     [ 88%]
../guut_tests/test_slugify.py ........                                   [ 90%]
../guut_tests/test_snake_case_to_camel.py .....                          [ 92%]
../guut_tests/test_strip_html.py .....                                   [ 93%]
../guut_tests/test_strip_margin.py ...                                   [ 94%]
../guut_tests/test_uuid.py ..                                            [ 94%]
../guut_tests/test_words_count.py ......................                 [100%]

============================= 407 passed in 0.58s ==============================
--- mutation diff ---
--- avalidation.py
+++ bvalidation.py
@@ -68,7 +68,7 @@
 
             try:
                 for index, digit in enumerate(self.input_string):
-                    product += int(digit) * (index + 1)
+                    product += int(digit) * (index % 1)
 
                 return product % 11 == 0
 </failure></testcase><testcase><mutation classname="88140709982a4e9a8584394340f59653" line="236" file="validation.py" /></testcase><testcase><mutation classname="24700088edce434fb0afc7f1474ebef2" line="236" file="validation.py" /></testcase><testcase><mutation classname="edc4c0042e2b45e39ac023d3976fb6cc" line="550" file="validation.py" /></testcase><testcase><mutation classname="670453d5f47e4f75be427344469d46ca" line="550" file="validation.py" /></testcase><testcase><mutation classname="017ce4b85d5b4b42866be1425e0e8d21" line="71" file="validation.py" /></testcase><testcase><mutation classname="70b7be11d7d744b3ba590e485b63f1be" line="236" file="validation.py" /></testcase><testcase><mutation classname="973b6519a9fe4920a387a3af7426dead" line="236" file="validation.py" /></testcase><testcase><mutation classname="e975c6bb373f447fb03f0034395bdd1f" line="550" file="validation.py" /></testcase><testcase><mutation classname="09e52e5a0da542d0873c1bb36d5887eb" line="550" file="validation.py" /></testcase><testcase><mutation classname="1b02ddf097b446dca73247f2811f17a1" line="71" file="validation.py" /></testcase><testcase><mutation classname="0baced5247db444099d09ae6794ef0a1" line="236" file="validation.py" /></testcase><testcase><mutation classname="20b266b325dd461ab98eab1d9b99758b" line="236" file="validation.py" /></testcase><testcase><mutation classname="35a573f57b4e47a0835e5721ff30f54c" line="550" file="validation.py" /></testcase><testcase><mutation classname="3016456e437c4feaa072a8d1db31e9a3" line="550" file="validation.py" /></testcase><testcase><mutation classname="b34ba4cf2c6b472da7a7f67355a78d21" line="71" file="validation.py" /></testcase><testcase><mutation classname="b835a70066f74c9584474aea564ea64e" line="236" file="validation.py" /></testcase><testcase><mutation classname="06622a51f32b457883abe7ea25557f9c" line="236" file="validation.py" /></testcase><testcase><mutation classname="55189a53574a4abc86342898f68b3f61" line="550" file="validation.py" /></testcase><testcase><mutation classname="6b7af3eb721b477fb201c93450442fae" line="550" file="validation.py" /></testcase><testcase><mutation classname="00e36ae8f94c427b97075a0a9d0b333f" line="71" file="validation.py" /></testcase><testcase><mutation classname="ee98464d0d6e414b99c9fb6610c218c4" line="236" file="validation.py" /></testcase><testcase><mutation classname="561c4ed217074390a1110929baada912" line="236" file="validation.py" /></testcase><testcase><mutation classname="e335e82508eb46038993d573f8fea760" line="550" file="validation.py" /></testcase><testcase><mutation classname="f9692ef03d1149c788bea220a60f6eae" line="550" file="validation.py" /></testcase><testcase><mutation classname="a6a9a4f0e73c43e485f300c465705235" line="71" file="validation.py" /></testcase><testcase><mutation classname="c96598a32ec84268bbdcc8c6cbcdff90" line="236" file="validation.py" /></testcase><testcase><mutation classname="aa14ca78ac2b4cb7b8a964e5ace4664c" line="236" file="validation.py" /></testcase><testcase><mutation classname="7637935e11e64235a581d891c5993e4e" line="550" file="validation.py" /></testcase><testcase><mutation classname="2f800f6a468f410193fc6060b7f19044" line="550" file="validation.py" /></testcase><testcase><mutation classname="318182f7940a48e2b28f9d6695442693" line="71" file="validation.py" /></testcase><testcase><mutation classname="cc79b48a98e0400fbd95398241cb870b" line="236" file="validation.py" /></testcase><testcase><mutation classname="a40299855c3f40d3bb9567aeadea5559" line="236" file="validation.py" /></testcase><testcase><mutation classname="b10834d5b0de480cab858674e71fe035" line="550" file="validation.py" /></testcase><testcase><mutation classname="997d0572e1db4fae944ed41bfa03fb7f" line="550" file="validation.py" /></testcase><testcase><mutation classname="a8301ddbe7db4dca9253aad7caf03344" line="485" file="validation.py" /></testcase><testcase><mutation classname="6ad46b0f7e3d41eb91344c2ddc893a2b" line="485" file="validation.py" /></testcase><testcase><mutation classname="0c6dc5b6e4b7404e90da6111af87b7ff" line="485" file="validation.py" /></testcase><testcase><mutation classname="e6f29317c3b64eb4b835f8d9f3df1449" line="485" file="validation.py" /></testcase><testcase><mutation classname="4bb81d10025840b89689bf0982b748bc" line="485" file="validation.py" /></testcase><testcase><mutation classname="1d010a17991f4b84abcca5da632f0700" line="485" file="validation.py" /></testcase><testcase><mutation classname="1c80948b7f7c4fb889637f751b9c5b05" line="485" file="validation.py" /></testcase><testcase><mutation classname="f82c0c0e294643809f358ec447bf9504" line="485" file="validation.py" /></testcase><testcase><mutation classname="8033ace93a244f25a67f55c6b76543cc" line="485" file="validation.py" /></testcase><testcase><mutation classname="1e9f6029a7584826b5a2e6b621dcdcfd" line="485" file="validation.py" /></testcase><testcase><mutation classname="bd85ed3d4f034005a23bef8c8904869b" line="485" file="validation.py" /></testcase><testcase><mutation classname="9a3ae1dd14f1458c84392a1b694be975" line="485" file="validation.py" /></testcase><testcase><mutation classname="fdf2298a6f614f9597b70aa8da5d4e82" line="485" file="validation.py" /></testcase><testcase><mutation classname="2f03af91dc974016b31da14a541f0dbf" line="485" file="validation.py" /></testcase><testcase><mutation classname="1ed9432b408c4498bb3fc9af8eb53e38" line="485" file="validation.py" /></testcase><testcase><mutation classname="5fd3e487c4a04ab4b1f6c2703fc43f3c" line="485" file="validation.py" /></testcase><testcase><mutation classname="7901434469a349f6bd699d9971b62177" line="485" file="validation.py" /></testcase><testcase><mutation classname="6cde739989f744f98d37972c754dd734" line="485" file="validation.py" /></testcase><testcase><mutation classname="4692b17c0e40489897212f039d9eebc3" line="485" file="validation.py" /></testcase><testcase><mutation classname="f97eb7cd0d4747c18f03ceb8abbbf1fa" line="485" file="validation.py" /></testcase><testcase><mutation classname="be6a7bdce9fd472cabd6c85388aa7735" line="485" file="validation.py" /></testcase><testcase><mutation classname="ade409792a3c4ac8bcf6b2905d754781" line="485" file="validation.py" /></testcase><testcase><mutation classname="6db1a827151d40b7bf6126dab9cc1fe4" line="56" file="validation.py" /></testcase><testcase><mutation classname="3bd47f1448584fd8bfc0e8189403317b" line="71" file="validation.py" /></testcase><testcase><mutation classname="cc428219f2d44398bc2e7fbd0474c776" line="56" file="validation.py" /></testcase><testcase><mutation classname="bc8951d54bb943b3a3a4aa7efdcb96d3" line="71" file="validation.py" /></testcase><testcase><mutation classname="f277ddfd2e6d4ec7b86fb688d58be286" line="56" file="validation.py" /></testcase><testcase><mutation classname="d1ebe6089f7d4774aecabd0ddf219ace" line="71" file="validation.py" /></testcase><testcase><mutation classname="126d07671cd5497fa6b4f8980214fbd8" line="56" file="validation.py" /></testcase><testcase><mutation classname="e4415a2816bc471f9b36503a48ae1dfa" line="71" file="validation.py" /></testcase><testcase><mutation classname="c3a60eb17b36424c81df96a52408552e" line="56" file="validation.py" /></testcase><testcase><mutation classname="692070de35c14dad82bc02da318efd7f" line="71" file="validation.py" /></testcase><testcase><mutation classname="3d9018abb90e4345a66e9209b7b906fc" line="56" file="validation.py" /></testcase><testcase><mutation classname="d239d90fc9e24ca2bbcf1ecee96b396f" line="71" file="validation.py" /></testcase><testcase><mutation classname="0fcede611fed4880acb19bc573f25d83" line="56" file="validation.py" /></testcase><testcase><mutation classname="bb6416ecd7ce4ae2807bbcbb311df985" line="71" file="validation.py" /></testcase><testcase><mutation classname="4e9750ab2948479d8b778f121167506f" line="56" file="validation.py" /></testcase><testcase><mutation classname="c855c8b67a5a492d8aad94a699f6806c" line="71" file="validation.py" /></testcase><testcase><mutation classname="8d20bab6746a4fe193dc4d36720fc539" line="56" file="validation.py" /></testcase><testcase><mutation classname="1bf3643b638541889897618b657ffed0" line="71" file="validation.py" /></testcase><testcase><mutation classname="697618e41ee744f3931e528bb1ffa537" line="56" file="validation.py" /></testcase><testcase><mutation classname="14a706fe662549ec8fca3163dbda2dbd" line="71" file="validation.py" /></testcase><testcase><mutation classname="8d74a3cd1e3446a9af02e50d879d977c" line="56" file="validation.py" /></testcase><testcase><mutation classname="1002e83982ae4128a01fed190563217c" line="71" file="validation.py" /></testcase><testcase><mutation classname="e9da95af1f3845a0be2202a2f7fc081e" line="55" file="validation.py" /></testcase><testcase><mutation classname="1df95c443fb54a6faa16238fcb624b96" line="58" file="validation.py" /></testcase><testcase><mutation classname="8cb9c2a592fa47329c6f35c21e765ed2" line="73" file="validation.py" /></testcase><testcase><mutation classname="ac9ea423cfc34231bff085e0f351a445" line="55" file="validation.py" /></testcase><testcase><mutation classname="763aa9e59f514ff0b662fa87c9d16870" line="58" file="validation.py" /></testcase><testcase><mutation classname="9919968523e14100ad49ac42aaf61aec" line="73" file="validation.py" /></testcase><testcase><mutation classname="b83ec188536f4956987e057cb9278c7c" line="55" file="validation.py" /></testcase><testcase><mutation classname="47f9544fed1c4787a24870752c0abf1b" line="58" file="validation.py" /></testcase><testcase><mutation classname="bfce754925be46378c836c84eea94bf0" line="73" file="validation.py" /></testcase><testcase><mutation classname="b2ecb10f55b2434abe588d117e23c9fa" line="55" file="validation.py" /></testcase><testcase><mutation classname="63210a02ea624af6b8b897bef2899e19" line="58" file="validation.py" /></testcase><testcase><mutation classname="63d49c3bf14a45d889fe6fc0f31318fc" line="73" file="validation.py" /></testcase><testcase><mutation classname="c3634ef7365d479abf08a05a0b90f3a5" line="55" file="validation.py" /></testcase><testcase><mutation classname="2ecdf054018940e7a757276c77b79a13" line="58" file="validation.py" /></testcase><testcase><mutation classname="e4e71e25b44a4e86a1ec5ec84a66f164" line="73" file="validation.py" /></testcase><testcase><mutation classname="6ed867c1d8dd4425a9a486c8de24ea8d" line="55" file="validation.py" /></testcase><testcase><mutation classname="ced559bc946d4f3585f023becac3a311" line="58" file="validation.py" /></testcase><testcase><mutation classname="155aa891fa084401995d52fe16855e4a" line="73" file="validation.py" /></testcase><testcase><mutation classname="0384353aa8724766999aa32314d1be58" line="55" file="validation.py" /></testcase><testcase><mutation classname="cc89aabd8b264429b47209f68894bdc4" line="58" file="validation.py" /><failure message="Mutant has survived your unit tests">============================= test session starts ==============================
platform linux -- Python 3.8.19, pytest-8.3.3, pluggy-1.5.0
rootdir: /mnt/temp/python-string-utils3
plugins: cov-5.0.0
collected 407 items

../guut_tests/test_asciify.py ...                                        [  0%]
../guut_tests/test_booleanize.py ....                                    [  1%]
../guut_tests/test_camel_case_to_snake.py .........                      [  3%]
../guut_tests/test_compress.py .....                                     [  5%]
../guut_tests/test_contains_html.py ...................                  [  9%]
../guut_tests/test_decompress.py ...                                     [ 10%]
../guut_tests/test_is_camel_case.py ........                             [ 12%]
../guut_tests/test_is_credit_card.py .......                             [ 14%]
../guut_tests/test_is_decimal.py .......                                 [ 15%]
../guut_tests/test_is_email.py ......................................... [ 26%]
.................                                                        [ 30%]
../guut_tests/test_is_full_string.py ...                                 [ 30%]
../guut_tests/test_is_integer.py .....                                   [ 32%]
../guut_tests/test_is_ip.py .......                                      [ 33%]
../guut_tests/test_is_ip_v4.py ........                                  [ 35%]
../guut_tests/test_is_ip_v6.py .....                                     [ 37%]
../guut_tests/test_is_isbn_10.py ......                                  [ 38%]
../guut_tests/test_is_isbn_13.py ......                                  [ 40%]
../guut_tests/test_is_isbn.py ......                                     [ 41%]
../guut_tests/test_is_isogram.py ....                                    [ 42%]
../guut_tests/test_is_json.py ......................                     [ 47%]
../guut_tests/test_is_number.py ............                             [ 50%]
../guut_tests/test_is_palindrome.py ......                               [ 52%]
../guut_tests/test_is_pangram.py ...                                     [ 53%]
../guut_tests/test_is_slug.py .........                                  [ 55%]
../guut_tests/test_is_snake_case.py .........                            [ 57%]
../guut_tests/test_is_string.py ...                                      [ 58%]
../guut_tests/test_is_url.py ........................                    [ 64%]
../guut_tests/test_is_uuid.py ....                                       [ 65%]
../guut_tests/test_prettify.py ......................................... [ 75%]
...........                                                              [ 77%]
../guut_tests/test_random_string.py ....                                 [ 78%]
../guut_tests/test_reverse.py ...                                        [ 79%]
../guut_tests/test_roman_decode.py .........                             [ 81%]
../guut_tests/test_roman_encode.py ..........                            [ 84%]
../guut_tests/test_roman_range.py .........                              [ 86%]
../guut_tests/test_secure_random_hex.py ....                             [ 87%]
../guut_tests/test_shuffle.py ......                                     [ 88%]
../guut_tests/test_slugify.py ........                                   [ 90%]
../guut_tests/test_snake_case_to_camel.py .....                          [ 92%]
../guut_tests/test_strip_html.py .....                                   [ 93%]
../guut_tests/test_strip_margin.py ...                                   [ 94%]
../guut_tests/test_uuid.py ..                                            [ 94%]
../guut_tests/test_words_count.py ......................                 [100%]

============================= 407 passed in 0.59s ==============================
--- mutation diff ---
--- avalidation.py
+++ bvalidation.py
@@ -55,7 +55,7 @@
                     weight = 1 if (index % 2 == 0) else 3
                     product += int(digit) * weight
 
-                return product % 10 == 0
+                return product &gt;&gt; 10 == 0
 
             except ValueError:
                 pass</failure></testcase><testcase><mutation classname="f3d0fb312215469c8073a24149f46d52" line="73" file="validation.py" /><failure message="Mutant has survived your unit tests">============================= test session starts ==============================
platform linux -- Python 3.8.19, pytest-8.3.3, pluggy-1.5.0
rootdir: /mnt/temp/python-string-utils3
plugins: cov-5.0.0
collected 407 items

../guut_tests/test_asciify.py ...                                        [  0%]
../guut_tests/test_booleanize.py ....                                    [  1%]
../guut_tests/test_camel_case_to_snake.py .........                      [  3%]
../guut_tests/test_compress.py .....                                     [  5%]
../guut_tests/test_contains_html.py ...................                  [  9%]
../guut_tests/test_decompress.py ...                                     [ 10%]
../guut_tests/test_is_camel_case.py ........                             [ 12%]
../guut_tests/test_is_credit_card.py .......                             [ 14%]
../guut_tests/test_is_decimal.py .......                                 [ 15%]
../guut_tests/test_is_email.py ......................................... [ 26%]
.................                                                        [ 30%]
../guut_tests/test_is_full_string.py ...                                 [ 30%]
../guut_tests/test_is_integer.py .....                                   [ 32%]
../guut_tests/test_is_ip.py .......                                      [ 33%]
../guut_tests/test_is_ip_v4.py ........                                  [ 35%]
../guut_tests/test_is_ip_v6.py .....                                     [ 37%]
../guut_tests/test_is_isbn_10.py ......                                  [ 38%]
../guut_tests/test_is_isbn_13.py ......                                  [ 40%]
../guut_tests/test_is_isbn.py ......                                     [ 41%]
../guut_tests/test_is_isogram.py ....                                    [ 42%]
../guut_tests/test_is_json.py ......................                     [ 47%]
../guut_tests/test_is_number.py ............                             [ 50%]
../guut_tests/test_is_palindrome.py ......                               [ 52%]
../guut_tests/test_is_pangram.py ...                                     [ 53%]
../guut_tests/test_is_slug.py .........                                  [ 55%]
../guut_tests/test_is_snake_case.py .........                            [ 57%]
../guut_tests/test_is_string.py ...                                      [ 58%]
../guut_tests/test_is_url.py ........................                    [ 64%]
../guut_tests/test_is_uuid.py ....                                       [ 65%]
../guut_tests/test_prettify.py ......................................... [ 75%]
...........                                                              [ 77%]
../guut_tests/test_random_string.py ....                                 [ 78%]
../guut_tests/test_reverse.py ...                                        [ 79%]
../guut_tests/test_roman_decode.py .........                             [ 81%]
../guut_tests/test_roman_encode.py ..........                            [ 84%]
../guut_tests/test_roman_range.py .........                              [ 86%]
../guut_tests/test_secure_random_hex.py ....                             [ 87%]
../guut_tests/test_shuffle.py ......                                     [ 88%]
../guut_tests/test_slugify.py ........                                   [ 90%]
../guut_tests/test_snake_case_to_camel.py .....                          [ 92%]
../guut_tests/test_strip_html.py .....                                   [ 93%]
../guut_tests/test_strip_margin.py ...                                   [ 94%]
../guut_tests/test_uuid.py ..                                            [ 94%]
../guut_tests/test_words_count.py ......................                 [100%]

============================= 407 passed in 0.58s ==============================
--- mutation diff ---
--- avalidation.py
+++ bvalidation.py
@@ -70,7 +70,7 @@
                 for index, digit in enumerate(self.input_string):
                     product += int(digit) * (index + 1)
 
-                return product % 11 == 0
+                return product &gt;&gt; 11 == 0
 
             except ValueError:
                 pass</failure></testcase><testcase><mutation classname="9ba9222d9ad4453e948276da0fd221d3" line="55" file="validation.py" /></testcase><testcase><mutation classname="dbf9d87b837642e0bc0d2c06f1e61848" line="58" file="validation.py" /></testcase><testcase><mutation classname="37025d17abc94fe2a422228eafc542ed" line="73" file="validation.py" /></testcase><testcase><mutation classname="0c6e025fe5ba4af4a35bc3d7fe03f990" line="55" file="validation.py" /></testcase><testcase><mutation classname="83bdf95305f54a7687346fdae7dd377b" line="58" file="validation.py" /></testcase><testcase><mutation classname="dfdec40a00ba4e57bca11dfdb95f71f3" line="73" file="validation.py" /></testcase><testcase><mutation classname="577897db79a840b4af9e706006d112b2" line="55" file="validation.py" /></testcase><testcase><mutation classname="19d2c697daf446519ebe82ad7c058ab8" line="58" file="validation.py" /></testcase><testcase><mutation classname="0e6e6a8e9e9e40978551eebec1aaefdf" line="73" file="validation.py" /></testcase><testcase><mutation classname="12c5ce79ff1643ffb5ecef1e1a0777b5" line="55" file="validation.py" /></testcase><testcase><mutation classname="50d1ed4b811f45bfa046fc0429366d3e" line="58" file="validation.py" /></testcase><testcase><mutation classname="19a4b2bc884f4e128215acb493119f7e" line="73" file="validation.py" /></testcase><testcase><mutation classname="cd27409a824143ba8898f81c7b540247" line="50" file="validation.py" /></testcase><testcase><mutation classname="1fd5836aac7c48c1a5e3e1903644c515" line="55" file="validation.py" /></testcase><testcase><mutation classname="cadfcba623294ce1a51d4b20d439dd6c" line="58" file="validation.py" /></testcase><testcase><mutation classname="7963f669d4b54f0dbe7b589ba73f0571" line="66" file="validation.py" /></testcase><testcase><mutation classname="fa4d9c3f976c4432beedb6d6828648a7" line="73" file="validation.py" /></testcase><testcase><mutation classname="9f628d7260c64e2abe24cdddc7d879f7" line="529" file="validation.py" /></testcase><testcase><mutation classname="ab2c4078138d4cefafbe75855a43d4eb" line="50" file="validation.py" /></testcase><testcase><mutation classname="d864292c1f054831b9d787d4cc72d378" line="55" file="validation.py" /></testcase><testcase><mutation classname="b5fa18df6079449c98c3a04dd308262d" line="58" file="validation.py" /></testcase><testcase><mutation classname="29e119036ea647268b2b6e7d40aac466" line="66" file="validation.py" /></testcase><testcase><mutation classname="fd5107c8dd5d43e88a83f952769de176" line="73" file="validation.py" /></testcase><testcase><mutation classname="705d7248db61487cb4bb9ef352f060ee" line="529" file="validation.py" /></testcase><testcase><mutation classname="c96e177ccb25479995c38534ec04bf00" line="50" file="validation.py" /></testcase><testcase><mutation classname="d171a1421cb244e58d4b9cde5436400d" line="55" file="validation.py" /><failure message="Mutant has survived your unit tests">============================= test session starts ==============================
platform linux -- Python 3.8.19, pytest-8.3.3, pluggy-1.5.0
rootdir: /mnt/temp/python-string-utils3
plugins: cov-5.0.0
collected 407 items

../guut_tests/test_asciify.py ...                                        [  0%]
../guut_tests/test_booleanize.py ....                                    [  1%]
../guut_tests/test_camel_case_to_snake.py .........                      [  3%]
../guut_tests/test_compress.py .....                                     [  5%]
../guut_tests/test_contains_html.py ...................                  [  9%]
../guut_tests/test_decompress.py ...                                     [ 10%]
../guut_tests/test_is_camel_case.py ........                             [ 12%]
../guut_tests/test_is_credit_card.py .......                             [ 14%]
../guut_tests/test_is_decimal.py .......                                 [ 15%]
../guut_tests/test_is_email.py ......................................... [ 26%]
.................                                                        [ 30%]
../guut_tests/test_is_full_string.py ...                                 [ 30%]
../guut_tests/test_is_integer.py .....                                   [ 32%]
../guut_tests/test_is_ip.py .......                                      [ 33%]
../guut_tests/test_is_ip_v4.py ........                                  [ 35%]
../guut_tests/test_is_ip_v6.py .....                                     [ 37%]
../guut_tests/test_is_isbn_10.py ......                                  [ 38%]
../guut_tests/test_is_isbn_13.py ......                                  [ 40%]
../guut_tests/test_is_isbn.py ......                                     [ 41%]
../guut_tests/test_is_isogram.py ....                                    [ 42%]
../guut_tests/test_is_json.py ......................                     [ 47%]
../guut_tests/test_is_number.py ............                             [ 50%]
../guut_tests/test_is_palindrome.py ......                               [ 52%]
../guut_tests/test_is_pangram.py ...                                     [ 53%]
../guut_tests/test_is_slug.py .........                                  [ 55%]
../guut_tests/test_is_snake_case.py .........                            [ 57%]
../guut_tests/test_is_string.py ...                                      [ 58%]
../guut_tests/test_is_url.py ........................                    [ 64%]
../guut_tests/test_is_uuid.py ....                                       [ 65%]
../guut_tests/test_prettify.py ......................................... [ 75%]
...........                                                              [ 77%]
../guut_tests/test_random_string.py ....                                 [ 78%]
../guut_tests/test_reverse.py ...                                        [ 79%]
../guut_tests/test_roman_decode.py .........                             [ 81%]
../guut_tests/test_roman_encode.py ..........                            [ 84%]
../guut_tests/test_roman_range.py .........                              [ 86%]
../guut_tests/test_secure_random_hex.py ....                             [ 87%]
../guut_tests/test_shuffle.py ......                                     [ 88%]
../guut_tests/test_slugify.py ........                                   [ 90%]
../guut_tests/test_snake_case_to_camel.py .....                          [ 92%]
../guut_tests/test_strip_html.py .....                                   [ 93%]
../guut_tests/test_strip_margin.py ...                                   [ 94%]
../guut_tests/test_uuid.py ..                                            [ 94%]
../guut_tests/test_words_count.py ......................                 [100%]

============================= 407 passed in 0.59s ==============================
--- mutation diff ---
--- avalidation.py
+++ bvalidation.py
@@ -52,7 +52,7 @@
 
             try:
                 for index, digit in enumerate(self.input_string):
-                    weight = 1 if (index % 2 == 0) else 3
+                    weight = 1 if (index % 2 &lt;= 0) else 3
                     product += int(digit) * weight
 
                 return product % 10 == 0</failure></testcase><testcase><mutation classname="5dac95f60fb44f6e9a4b5a7d7cb986e8" line="58" file="validation.py" /><failure message="Mutant has survived your unit tests">============================= test session starts ==============================
platform linux -- Python 3.8.19, pytest-8.3.3, pluggy-1.5.0
rootdir: /mnt/temp/python-string-utils3
plugins: cov-5.0.0
collected 407 items

../guut_tests/test_asciify.py ...                                        [  0%]
../guut_tests/test_booleanize.py ....                                    [  1%]
../guut_tests/test_camel_case_to_snake.py .........                      [  3%]
../guut_tests/test_compress.py .....                                     [  5%]
../guut_tests/test_contains_html.py ...................                  [  9%]
../guut_tests/test_decompress.py ...                                     [ 10%]
../guut_tests/test_is_camel_case.py ........                             [ 12%]
../guut_tests/test_is_credit_card.py .......                             [ 14%]
../guut_tests/test_is_decimal.py .......                                 [ 15%]
../guut_tests/test_is_email.py ......................................... [ 26%]
.................                                                        [ 30%]
../guut_tests/test_is_full_string.py ...                                 [ 30%]
../guut_tests/test_is_integer.py .....                                   [ 32%]
../guut_tests/test_is_ip.py .......                                      [ 33%]
../guut_tests/test_is_ip_v4.py ........                                  [ 35%]
../guut_tests/test_is_ip_v6.py .....                                     [ 37%]
../guut_tests/test_is_isbn_10.py ......                                  [ 38%]
../guut_tests/test_is_isbn_13.py ......                                  [ 40%]
../guut_tests/test_is_isbn.py ......                                     [ 41%]
../guut_tests/test_is_isogram.py ....                                    [ 42%]
../guut_tests/test_is_json.py ......................                     [ 47%]
../guut_tests/test_is_number.py ............                             [ 50%]
../guut_tests/test_is_palindrome.py ......                               [ 52%]
../guut_tests/test_is_pangram.py ...                                     [ 53%]
../guut_tests/test_is_slug.py .........                                  [ 55%]
../guut_tests/test_is_snake_case.py .........                            [ 57%]
../guut_tests/test_is_string.py ...                                      [ 58%]
../guut_tests/test_is_url.py ........................                    [ 64%]
../guut_tests/test_is_uuid.py ....                                       [ 65%]
../guut_tests/test_prettify.py ......................................... [ 75%]
...........                                                              [ 77%]
../guut_tests/test_random_string.py ....                                 [ 78%]
../guut_tests/test_reverse.py ...                                        [ 79%]
../guut_tests/test_roman_decode.py .........                             [ 81%]
../guut_tests/test_roman_encode.py ..........                            [ 84%]
../guut_tests/test_roman_range.py .........                              [ 86%]
../guut_tests/test_secure_random_hex.py ....                             [ 87%]
../guut_tests/test_shuffle.py ......                                     [ 88%]
../guut_tests/test_slugify.py ........                                   [ 90%]
../guut_tests/test_snake_case_to_camel.py .....                          [ 92%]
../guut_tests/test_strip_html.py .....                                   [ 93%]
../guut_tests/test_strip_margin.py ...                                   [ 94%]
../guut_tests/test_uuid.py ..                                            [ 94%]
../guut_tests/test_words_count.py ......................                 [100%]

============================= 407 passed in 0.57s ==============================
--- mutation diff ---
--- avalidation.py
+++ bvalidation.py
@@ -55,7 +55,7 @@
                     weight = 1 if (index % 2 == 0) else 3
                     product += int(digit) * weight
 
-                return product % 10 == 0
+                return product % 10 &lt;= 0
 
             except ValueError:
                 pass</failure></testcase><testcase><mutation classname="bc5a69ed0d3243a4ba5cf8b089c027d7" line="66" file="validation.py" /></testcase><testcase><mutation classname="1e930f5526174803926cfa20b1a9e80f" line="73" file="validation.py" /><failure message="Mutant has survived your unit tests">============================= test session starts ==============================
platform linux -- Python 3.8.19, pytest-8.3.3, pluggy-1.5.0
rootdir: /mnt/temp/python-string-utils3
plugins: cov-5.0.0
collected 407 items

../guut_tests/test_asciify.py ...                                        [  0%]
../guut_tests/test_booleanize.py ....                                    [  1%]
../guut_tests/test_camel_case_to_snake.py .........                      [  3%]
../guut_tests/test_compress.py .....                                     [  5%]
../guut_tests/test_contains_html.py ...................                  [  9%]
../guut_tests/test_decompress.py ...                                     [ 10%]
../guut_tests/test_is_camel_case.py ........                             [ 12%]
../guut_tests/test_is_credit_card.py .......                             [ 14%]
../guut_tests/test_is_decimal.py .......                                 [ 15%]
../guut_tests/test_is_email.py ......................................... [ 26%]
.................                                                        [ 30%]
../guut_tests/test_is_full_string.py ...                                 [ 30%]
../guut_tests/test_is_integer.py .....                                   [ 32%]
../guut_tests/test_is_ip.py .......                                      [ 33%]
../guut_tests/test_is_ip_v4.py ........                                  [ 35%]
../guut_tests/test_is_ip_v6.py .....                                     [ 37%]
../guut_tests/test_is_isbn_10.py ......                                  [ 38%]
../guut_tests/test_is_isbn_13.py ......                                  [ 40%]
../guut_tests/test_is_isbn.py ......                                     [ 41%]
../guut_tests/test_is_isogram.py ....                                    [ 42%]
../guut_tests/test_is_json.py ......................                     [ 47%]
../guut_tests/test_is_number.py ............                             [ 50%]
../guut_tests/test_is_palindrome.py ......                               [ 52%]
../guut_tests/test_is_pangram.py ...                                     [ 53%]
../guut_tests/test_is_slug.py .........                                  [ 55%]
../guut_tests/test_is_snake_case.py .........                            [ 57%]
../guut_tests/test_is_string.py ...                                      [ 58%]
../guut_tests/test_is_url.py ........................                    [ 64%]
../guut_tests/test_is_uuid.py ....                                       [ 65%]
../guut_tests/test_prettify.py ......................................... [ 75%]
...........                                                              [ 77%]
../guut_tests/test_random_string.py ....                                 [ 78%]
../guut_tests/test_reverse.py ...                                        [ 79%]
../guut_tests/test_roman_decode.py .........                             [ 81%]
../guut_tests/test_roman_encode.py ..........                            [ 84%]
../guut_tests/test_roman_range.py .........                              [ 86%]
../guut_tests/test_secure_random_hex.py ....                             [ 87%]
../guut_tests/test_shuffle.py ......                                     [ 88%]
../guut_tests/test_slugify.py ........                                   [ 90%]
../guut_tests/test_snake_case_to_camel.py .....                          [ 92%]
../guut_tests/test_strip_html.py .....                                   [ 93%]
../guut_tests/test_strip_margin.py ...                                   [ 94%]
../guut_tests/test_uuid.py ..                                            [ 94%]
../guut_tests/test_words_count.py ......................                 [100%]

============================= 407 passed in 0.60s ==============================
--- mutation diff ---
--- avalidation.py
+++ bvalidation.py
@@ -70,7 +70,7 @@
                 for index, digit in enumerate(self.input_string):
                     product += int(digit) * (index + 1)
 
-                return product % 11 == 0
+                return product % 11 &lt;= 0
 
             except ValueError:
                 pass</failure></testcase><testcase><mutation classname="014bc9b0ed8d41dc8c61d27ff08ec237" line="529" file="validation.py" /></testcase><testcase><mutation classname="245a781258de4c1cb2d2653a70beb74c" line="50" file="validation.py" /></testcase><testcase><mutation classname="b5f7be291d5c4e1d9717c6a7f9cfd337" line="55" file="validation.py" /></testcase><testcase><mutation classname="5206c6acfa59442daa29ff1b09c0a84c" line="58" file="validation.py" /></testcase><testcase><mutation classname="dca482886af04bf1bf1231549bacdd57" line="66" file="validation.py" /></testcase><testcase><mutation classname="060c14fc973148a4b5f8546e0cb8c8c2" line="73" file="validation.py" /></testcase><testcase><mutation classname="24e82cec0f234be59379d57e1fe604b4" line="529" file="validation.py" /></testcase><testcase><mutation classname="55231f682c614ca88b1de2b05590838f" line="50" file="validation.py" /><failure message="Mutant has survived your unit tests">============================= test session starts ==============================
platform linux -- Python 3.8.19, pytest-8.3.3, pluggy-1.5.0
rootdir: /mnt/temp/python-string-utils3
plugins: cov-5.0.0
collected 407 items

../guut_tests/test_asciify.py ...                                        [  0%]
../guut_tests/test_booleanize.py ....                                    [  1%]
../guut_tests/test_camel_case_to_snake.py .........                      [  3%]
../guut_tests/test_compress.py .....                                     [  5%]
../guut_tests/test_contains_html.py ...................                  [  9%]
../guut_tests/test_decompress.py ...                                     [ 10%]
../guut_tests/test_is_camel_case.py ........                             [ 12%]
../guut_tests/test_is_credit_card.py .......                             [ 14%]
../guut_tests/test_is_decimal.py .......                                 [ 15%]
../guut_tests/test_is_email.py ......................................... [ 26%]
.................                                                        [ 30%]
../guut_tests/test_is_full_string.py ...                                 [ 30%]
../guut_tests/test_is_integer.py .....                                   [ 32%]
../guut_tests/test_is_ip.py .......                                      [ 33%]
../guut_tests/test_is_ip_v4.py ........                                  [ 35%]
../guut_tests/test_is_ip_v6.py .....                                     [ 37%]
../guut_tests/test_is_isbn_10.py ......                                  [ 38%]
../guut_tests/test_is_isbn_13.py ......                                  [ 40%]
../guut_tests/test_is_isbn.py ......                                     [ 41%]
../guut_tests/test_is_isogram.py ....                                    [ 42%]
../guut_tests/test_is_json.py ......................                     [ 47%]
../guut_tests/test_is_number.py ............                             [ 50%]
../guut_tests/test_is_palindrome.py ......                               [ 52%]
../guut_tests/test_is_pangram.py ...                                     [ 53%]
../guut_tests/test_is_slug.py .........                                  [ 55%]
../guut_tests/test_is_snake_case.py .........                            [ 57%]
../guut_tests/test_is_string.py ...                                      [ 58%]
../guut_tests/test_is_url.py ........................                    [ 64%]
../guut_tests/test_is_uuid.py ....                                       [ 65%]
../guut_tests/test_prettify.py ......................................... [ 75%]
...........                                                              [ 77%]
../guut_tests/test_random_string.py ....                                 [ 78%]
../guut_tests/test_reverse.py ...                                        [ 79%]
../guut_tests/test_roman_decode.py .........                             [ 81%]
../guut_tests/test_roman_encode.py ..........                            [ 84%]
../guut_tests/test_roman_range.py .........                              [ 86%]
../guut_tests/test_secure_random_hex.py ....                             [ 87%]
../guut_tests/test_shuffle.py ......                                     [ 88%]
../guut_tests/test_slugify.py ........                                   [ 90%]
../guut_tests/test_snake_case_to_camel.py .....                          [ 92%]
../guut_tests/test_strip_html.py .....                                   [ 93%]
../guut_tests/test_strip_margin.py ...                                   [ 94%]
../guut_tests/test_uuid.py ..                                            [ 94%]
../guut_tests/test_words_count.py ......................                 [100%]

============================= 407 passed in 0.60s ==============================
--- mutation diff ---
--- avalidation.py
+++ bvalidation.py
@@ -47,7 +47,7 @@
         self.input_string = input_string.replace('-', '') if normalize else input_string
 
     def is_isbn_13(self) -&gt; bool:
-        if len(self.input_string) == 13:
+        if len(self.input_string) &gt;= 13:
             product = 0
 
             try:</failure></testcase><testcase><mutation classname="e00707e090be4cda8e6b3b08eb22c246" line="55" file="validation.py" /></testcase><testcase><mutation classname="fc53a779d9924e4eb23e05014ac0a012" line="58" file="validation.py" /><failure message="Mutant has survived your unit tests">============================= test session starts ==============================
platform linux -- Python 3.8.19, pytest-8.3.3, pluggy-1.5.0
rootdir: /mnt/temp/python-string-utils3
plugins: cov-5.0.0
collected 407 items

../guut_tests/test_asciify.py ...                                        [  0%]
../guut_tests/test_booleanize.py ....                                    [  1%]
../guut_tests/test_camel_case_to_snake.py .........                      [  3%]
../guut_tests/test_compress.py .....                                     [  5%]
../guut_tests/test_contains_html.py ...................                  [  9%]
../guut_tests/test_decompress.py ...                                     [ 10%]
../guut_tests/test_is_camel_case.py ........                             [ 12%]
../guut_tests/test_is_credit_card.py .......                             [ 14%]
../guut_tests/test_is_decimal.py .......                                 [ 15%]
../guut_tests/test_is_email.py ......................................... [ 26%]
.................                                                        [ 30%]
../guut_tests/test_is_full_string.py ...                                 [ 30%]
../guut_tests/test_is_integer.py .....                                   [ 32%]
../guut_tests/test_is_ip.py .......                                      [ 33%]
../guut_tests/test_is_ip_v4.py ........                                  [ 35%]
../guut_tests/test_is_ip_v6.py .....                                     [ 37%]
../guut_tests/test_is_isbn_10.py ......                                  [ 38%]
../guut_tests/test_is_isbn_13.py ......                                  [ 40%]
../guut_tests/test_is_isbn.py ......                                     [ 41%]
../guut_tests/test_is_isogram.py ....                                    [ 42%]
../guut_tests/test_is_json.py ......................                     [ 47%]
../guut_tests/test_is_number.py ............                             [ 50%]
../guut_tests/test_is_palindrome.py ......                               [ 52%]
../guut_tests/test_is_pangram.py ...                                     [ 53%]
../guut_tests/test_is_slug.py .........                                  [ 55%]
../guut_tests/test_is_snake_case.py .........                            [ 57%]
../guut_tests/test_is_string.py ...                                      [ 58%]
../guut_tests/test_is_url.py ........................                    [ 64%]
../guut_tests/test_is_uuid.py ....                                       [ 65%]
../guut_tests/test_prettify.py ......................................... [ 75%]
...........                                                              [ 77%]
../guut_tests/test_random_string.py ....                                 [ 78%]
../guut_tests/test_reverse.py ...                                        [ 79%]
../guut_tests/test_roman_decode.py .........                             [ 81%]
../guut_tests/test_roman_encode.py ..........                            [ 84%]
../guut_tests/test_roman_range.py .........                              [ 86%]
../guut_tests/test_secure_random_hex.py ....                             [ 87%]
../guut_tests/test_shuffle.py ......                                     [ 88%]
../guut_tests/test_slugify.py ........                                   [ 90%]
../guut_tests/test_snake_case_to_camel.py .....                          [ 92%]
../guut_tests/test_strip_html.py .....                                   [ 93%]
../guut_tests/test_strip_margin.py ...                                   [ 94%]
../guut_tests/test_uuid.py ..                                            [ 94%]
../guut_tests/test_words_count.py ......................                 [100%]

============================= 407 passed in 0.58s ==============================
--- mutation diff ---
--- avalidation.py
+++ bvalidation.py
@@ -55,7 +55,7 @@
                     weight = 1 if (index % 2 == 0) else 3
                     product += int(digit) * weight
 
-                return product % 10 == 0
+                return product % 10 &gt;= 0
 
             except ValueError:
                 pass</failure></testcase><testcase><mutation classname="5b20109f8a58490991ec36f3ca2129f7" line="66" file="validation.py" /></testcase><testcase><mutation classname="217c219895604b55b78187c33069064c" line="73" file="validation.py" /><failure message="Mutant has survived your unit tests">============================= test session starts ==============================
platform linux -- Python 3.8.19, pytest-8.3.3, pluggy-1.5.0
rootdir: /mnt/temp/python-string-utils3
plugins: cov-5.0.0
collected 407 items

../guut_tests/test_asciify.py ...                                        [  0%]
../guut_tests/test_booleanize.py ....                                    [  1%]
../guut_tests/test_camel_case_to_snake.py .........                      [  3%]
../guut_tests/test_compress.py .....                                     [  5%]
../guut_tests/test_contains_html.py ...................                  [  9%]
../guut_tests/test_decompress.py ...                                     [ 10%]
../guut_tests/test_is_camel_case.py ........                             [ 12%]
../guut_tests/test_is_credit_card.py .......                             [ 14%]
../guut_tests/test_is_decimal.py .......                                 [ 15%]
../guut_tests/test_is_email.py ......................................... [ 26%]
.................                                                        [ 30%]
../guut_tests/test_is_full_string.py ...                                 [ 30%]
../guut_tests/test_is_integer.py .....                                   [ 32%]
../guut_tests/test_is_ip.py .......                                      [ 33%]
../guut_tests/test_is_ip_v4.py ........                                  [ 35%]
../guut_tests/test_is_ip_v6.py .....                                     [ 37%]
../guut_tests/test_is_isbn_10.py ......                                  [ 38%]
../guut_tests/test_is_isbn_13.py ......                                  [ 40%]
../guut_tests/test_is_isbn.py ......                                     [ 41%]
../guut_tests/test_is_isogram.py ....                                    [ 42%]
../guut_tests/test_is_json.py ......................                     [ 47%]
../guut_tests/test_is_number.py ............                             [ 50%]
../guut_tests/test_is_palindrome.py ......                               [ 52%]
../guut_tests/test_is_pangram.py ...                                     [ 53%]
../guut_tests/test_is_slug.py .........                                  [ 55%]
../guut_tests/test_is_snake_case.py .........                            [ 57%]
../guut_tests/test_is_string.py ...                                      [ 58%]
../guut_tests/test_is_url.py ........................                    [ 64%]
../guut_tests/test_is_uuid.py ....                                       [ 65%]
../guut_tests/test_prettify.py ......................................... [ 75%]
...........                                                              [ 77%]
../guut_tests/test_random_string.py ....                                 [ 78%]
../guut_tests/test_reverse.py ...                                        [ 79%]
../guut_tests/test_roman_decode.py .........                             [ 81%]
../guut_tests/test_roman_encode.py ..........                            [ 84%]
../guut_tests/test_roman_range.py .........                              [ 86%]
../guut_tests/test_secure_random_hex.py ....                             [ 87%]
../guut_tests/test_shuffle.py ......                                     [ 88%]
../guut_tests/test_slugify.py ........                                   [ 90%]
../guut_tests/test_snake_case_to_camel.py .....                          [ 92%]
../guut_tests/test_strip_html.py .....                                   [ 93%]
../guut_tests/test_strip_margin.py ...                                   [ 94%]
../guut_tests/test_uuid.py ..                                            [ 94%]
../guut_tests/test_words_count.py ......................                 [100%]

============================= 407 passed in 0.62s ==============================
--- mutation diff ---
--- avalidation.py
+++ bvalidation.py
@@ -70,7 +70,7 @@
                 for index, digit in enumerate(self.input_string):
                     product += int(digit) * (index + 1)
 
-                return product % 11 == 0
+                return product % 11 &gt;= 0
 
             except ValueError:
                 pass</failure></testcase><testcase><mutation classname="4f929c7592ee4d9b9a9109a265f433c1" line="529" file="validation.py" /><failure message="Mutant has survived your unit tests">============================= test session starts ==============================
platform linux -- Python 3.8.19, pytest-8.3.3, pluggy-1.5.0
rootdir: /mnt/temp/python-string-utils3
plugins: cov-5.0.0
collected 407 items

../guut_tests/test_asciify.py ...                                        [  0%]
../guut_tests/test_booleanize.py ....                                    [  1%]
../guut_tests/test_camel_case_to_snake.py .........                      [  3%]
../guut_tests/test_compress.py .....                                     [  5%]
../guut_tests/test_contains_html.py ...................                  [  9%]
../guut_tests/test_decompress.py ...                                     [ 10%]
../guut_tests/test_is_camel_case.py ........                             [ 12%]
../guut_tests/test_is_credit_card.py .......                             [ 14%]
../guut_tests/test_is_decimal.py .......                                 [ 15%]
../guut_tests/test_is_email.py ......................................... [ 26%]
.................                                                        [ 30%]
../guut_tests/test_is_full_string.py ...                                 [ 30%]
../guut_tests/test_is_integer.py .....                                   [ 32%]
../guut_tests/test_is_ip.py .......                                      [ 33%]
../guut_tests/test_is_ip_v4.py ........                                  [ 35%]
../guut_tests/test_is_ip_v6.py .....                                     [ 37%]
../guut_tests/test_is_isbn_10.py ......                                  [ 38%]
../guut_tests/test_is_isbn_13.py ......                                  [ 40%]
../guut_tests/test_is_isbn.py ......                                     [ 41%]
../guut_tests/test_is_isogram.py ....                                    [ 42%]
../guut_tests/test_is_json.py ......................                     [ 47%]
../guut_tests/test_is_number.py ............                             [ 50%]
../guut_tests/test_is_palindrome.py ......                               [ 52%]
../guut_tests/test_is_pangram.py ...                                     [ 53%]
../guut_tests/test_is_slug.py .........                                  [ 55%]
../guut_tests/test_is_snake_case.py .........                            [ 57%]
../guut_tests/test_is_string.py ...                                      [ 58%]
../guut_tests/test_is_url.py ........................                    [ 64%]
../guut_tests/test_is_uuid.py ....                                       [ 65%]
../guut_tests/test_prettify.py ......................................... [ 75%]
...........                                                              [ 77%]
../guut_tests/test_random_string.py ....                                 [ 78%]
../guut_tests/test_reverse.py ...                                        [ 79%]
../guut_tests/test_roman_decode.py .........                             [ 81%]
../guut_tests/test_roman_encode.py ..........                            [ 84%]
../guut_tests/test_roman_range.py .........                              [ 86%]
../guut_tests/test_secure_random_hex.py ....                             [ 87%]
../guut_tests/test_shuffle.py ......                                     [ 88%]
../guut_tests/test_slugify.py ........                                   [ 90%]
../guut_tests/test_snake_case_to_camel.py .....                          [ 92%]
../guut_tests/test_strip_html.py .....                                   [ 93%]
../guut_tests/test_strip_margin.py ...                                   [ 94%]
../guut_tests/test_uuid.py ..                                            [ 94%]
../guut_tests/test_words_count.py ......................                 [100%]

============================= 407 passed in 0.61s ==============================
--- mutation diff ---
--- avalidation.py
+++ bvalidation.py
@@ -526,7 +526,7 @@
     :type input_string: str
     :return: True if isogram, false otherwise.
     """
-    return is_full_string(input_string) and len(set(input_string)) == len(input_string)
+    return is_full_string(input_string) and len(set(input_string)) &gt;= len(input_string)
 
 
 def is_slug(input_string: Any, separator: str = '-') -&gt; bool:</failure></testcase><testcase><mutation classname="375112d0588542b8992283800d47f681" line="529" file="validation.py" /><failure message="Mutant has survived your unit tests">============================= test session starts ==============================
platform linux -- Python 3.8.19, pytest-8.3.3, pluggy-1.5.0
rootdir: /mnt/temp/python-string-utils3
plugins: cov-5.0.0
collected 407 items

../guut_tests/test_asciify.py ...                                        [  0%]
../guut_tests/test_booleanize.py ....                                    [  1%]
../guut_tests/test_camel_case_to_snake.py .........                      [  3%]
../guut_tests/test_compress.py .....                                     [  5%]
../guut_tests/test_contains_html.py ...................                  [  9%]
../guut_tests/test_decompress.py ...                                     [ 10%]
../guut_tests/test_is_camel_case.py ........                             [ 12%]
../guut_tests/test_is_credit_card.py .......                             [ 14%]
../guut_tests/test_is_decimal.py .......                                 [ 15%]
../guut_tests/test_is_email.py ......................................... [ 26%]
.................                                                        [ 30%]
../guut_tests/test_is_full_string.py ...                                 [ 30%]
../guut_tests/test_is_integer.py .....                                   [ 32%]
../guut_tests/test_is_ip.py .......                                      [ 33%]
../guut_tests/test_is_ip_v4.py ........                                  [ 35%]
../guut_tests/test_is_ip_v6.py .....                                     [ 37%]
../guut_tests/test_is_isbn_10.py ......                                  [ 38%]
../guut_tests/test_is_isbn_13.py ......                                  [ 40%]
../guut_tests/test_is_isbn.py ......                                     [ 41%]
../guut_tests/test_is_isogram.py ....                                    [ 42%]
../guut_tests/test_is_json.py ......................                     [ 47%]
../guut_tests/test_is_number.py ............                             [ 50%]
../guut_tests/test_is_palindrome.py ......                               [ 52%]
../guut_tests/test_is_pangram.py ...                                     [ 53%]
../guut_tests/test_is_slug.py .........                                  [ 55%]
../guut_tests/test_is_snake_case.py .........                            [ 57%]
../guut_tests/test_is_string.py ...                                      [ 58%]
../guut_tests/test_is_url.py ........................                    [ 64%]
../guut_tests/test_is_uuid.py ....                                       [ 65%]
../guut_tests/test_prettify.py ......................................... [ 75%]
...........                                                              [ 77%]
../guut_tests/test_random_string.py ....                                 [ 78%]
../guut_tests/test_reverse.py ...                                        [ 79%]
../guut_tests/test_roman_decode.py .........                             [ 81%]
../guut_tests/test_roman_encode.py ..........                            [ 84%]
../guut_tests/test_roman_range.py .........                              [ 86%]
../guut_tests/test_secure_random_hex.py ....                             [ 87%]
../guut_tests/test_shuffle.py ......                                     [ 88%]
../guut_tests/test_slugify.py ........                                   [ 90%]
../guut_tests/test_snake_case_to_camel.py .....                          [ 92%]
../guut_tests/test_strip_html.py .....                                   [ 93%]
../guut_tests/test_strip_margin.py ...                                   [ 94%]
../guut_tests/test_uuid.py ..                                            [ 94%]
../guut_tests/test_words_count.py ......................                 [100%]

============================= 407 passed in 0.59s ==============================
--- mutation diff ---
--- avalidation.py
+++ bvalidation.py
@@ -526,7 +526,7 @@
     :type input_string: str
     :return: True if isogram, false otherwise.
     """
-    return is_full_string(input_string) and len(set(input_string)) == len(input_string)
+    return is_full_string(input_string) and len(set(input_string)) is len(input_string)
 
 
 def is_slug(input_string: Any, separator: str = '-') -&gt; bool:</failure></testcase><testcase><mutation classname="68533daa87494dfca3c32b5ce9ae3ccd" line="529" file="validation.py" /></testcase><testcase><mutation classname="e844cc09b9d7417f97e5751b313a50e6" line="113" file="validation.py" /></testcase><testcase><mutation classname="7b628fb2254e4085bd2e3e472b7dabae" line="491" file="validation.py" /></testcase><testcase><mutation classname="de51674700694ec08e2a6340e5816ece" line="113" file="validation.py" /></testcase><testcase><mutation classname="56dd6319956f4231a7a408ed36669a18" line="491" file="validation.py" /><failure message="Mutant has survived your unit tests">============================= test session starts ==============================
platform linux -- Python 3.8.19, pytest-8.3.3, pluggy-1.5.0
rootdir: /mnt/temp/python-string-utils3
plugins: cov-5.0.0
collected 407 items

../guut_tests/test_asciify.py ...                                        [  0%]
../guut_tests/test_booleanize.py ....                                    [  1%]
../guut_tests/test_camel_case_to_snake.py .........                      [  3%]
../guut_tests/test_compress.py .....                                     [  5%]
../guut_tests/test_contains_html.py ...................                  [  9%]
../guut_tests/test_decompress.py ...                                     [ 10%]
../guut_tests/test_is_camel_case.py ........                             [ 12%]
../guut_tests/test_is_credit_card.py .......                             [ 14%]
../guut_tests/test_is_decimal.py .......                                 [ 15%]
../guut_tests/test_is_email.py ......................................... [ 26%]
.................                                                        [ 30%]
../guut_tests/test_is_full_string.py ...                                 [ 30%]
../guut_tests/test_is_integer.py .....                                   [ 32%]
../guut_tests/test_is_ip.py .......                                      [ 33%]
../guut_tests/test_is_ip_v4.py ........                                  [ 35%]
../guut_tests/test_is_ip_v6.py .....                                     [ 37%]
../guut_tests/test_is_isbn_10.py ......                                  [ 38%]
../guut_tests/test_is_isbn_13.py ......                                  [ 40%]
../guut_tests/test_is_isbn.py ......                                     [ 41%]
../guut_tests/test_is_isogram.py ....                                    [ 42%]
../guut_tests/test_is_json.py ......................                     [ 47%]
../guut_tests/test_is_number.py ............                             [ 50%]
../guut_tests/test_is_palindrome.py ......                               [ 52%]
../guut_tests/test_is_pangram.py ...                                     [ 53%]
../guut_tests/test_is_slug.py .........                                  [ 55%]
../guut_tests/test_is_snake_case.py .........                            [ 57%]
../guut_tests/test_is_string.py ...                                      [ 58%]
../guut_tests/test_is_url.py ........................                    [ 64%]
../guut_tests/test_is_uuid.py ....                                       [ 65%]
../guut_tests/test_prettify.py ......................................... [ 75%]
...........                                                              [ 77%]
../guut_tests/test_random_string.py ....                                 [ 78%]
../guut_tests/test_reverse.py ...                                        [ 79%]
../guut_tests/test_roman_decode.py .........                             [ 81%]
../guut_tests/test_roman_encode.py ..........                            [ 84%]
../guut_tests/test_roman_range.py .........                              [ 86%]
../guut_tests/test_secure_random_hex.py ....                             [ 87%]
../guut_tests/test_shuffle.py ......                                     [ 88%]
../guut_tests/test_slugify.py ........                                   [ 90%]
../guut_tests/test_snake_case_to_camel.py .....                          [ 92%]
../guut_tests/test_strip_html.py .....                                   [ 93%]
../guut_tests/test_strip_margin.py ...                                   [ 94%]
../guut_tests/test_uuid.py ..                                            [ 94%]
../guut_tests/test_words_count.py ......................                 [100%]

============================= 407 passed in 0.63s ==============================
--- mutation diff ---
--- avalidation.py
+++ bvalidation.py
@@ -488,7 +488,7 @@
             head_char = head_char.lower()
             tail_char = tail_char.lower()
 
-        if head_char != tail_char:
+        if head_char &lt; tail_char:
             return False
 
     return True</failure></testcase><testcase><mutation classname="fe72d1a677644aa1844f2c7a86dfae2b" line="113" file="validation.py" /></testcase><testcase><mutation classname="bfbcaec1e67d4ba0b730a52db78ab13d" line="491" file="validation.py" /></testcase><testcase><mutation classname="fd8e25a4a5c74466b0b19557ea87924c" line="113" file="validation.py" /><failure message="Mutant has survived your unit tests">============================= test session starts ==============================
platform linux -- Python 3.8.19, pytest-8.3.3, pluggy-1.5.0
rootdir: /mnt/temp/python-string-utils3
plugins: cov-5.0.0
collected 407 items

../guut_tests/test_asciify.py ...                                        [  0%]
../guut_tests/test_booleanize.py ....                                    [  1%]
../guut_tests/test_camel_case_to_snake.py .........                      [  3%]
../guut_tests/test_compress.py .....                                     [  5%]
../guut_tests/test_contains_html.py ...................                  [  9%]
../guut_tests/test_decompress.py ...                                     [ 10%]
../guut_tests/test_is_camel_case.py ........                             [ 12%]
../guut_tests/test_is_credit_card.py .......                             [ 14%]
../guut_tests/test_is_decimal.py .......                                 [ 15%]
../guut_tests/test_is_email.py ......................................... [ 26%]
.................                                                        [ 30%]
../guut_tests/test_is_full_string.py ...                                 [ 30%]
../guut_tests/test_is_integer.py .....                                   [ 32%]
../guut_tests/test_is_ip.py .......                                      [ 33%]
../guut_tests/test_is_ip_v4.py ........                                  [ 35%]
../guut_tests/test_is_ip_v6.py .....                                     [ 37%]
../guut_tests/test_is_isbn_10.py ......                                  [ 38%]
../guut_tests/test_is_isbn_13.py ......                                  [ 40%]
../guut_tests/test_is_isbn.py ......                                     [ 41%]
../guut_tests/test_is_isogram.py ....                                    [ 42%]
../guut_tests/test_is_json.py ......................                     [ 47%]
../guut_tests/test_is_number.py ............                             [ 50%]
../guut_tests/test_is_palindrome.py ......                               [ 52%]
../guut_tests/test_is_pangram.py ...                                     [ 53%]
../guut_tests/test_is_slug.py .........                                  [ 55%]
../guut_tests/test_is_snake_case.py .........                            [ 57%]
../guut_tests/test_is_string.py ...                                      [ 58%]
../guut_tests/test_is_url.py ........................                    [ 64%]
../guut_tests/test_is_uuid.py ....                                       [ 65%]
../guut_tests/test_prettify.py ......................................... [ 75%]
...........                                                              [ 77%]
../guut_tests/test_random_string.py ....                                 [ 78%]
../guut_tests/test_reverse.py ...                                        [ 79%]
../guut_tests/test_roman_decode.py .........                             [ 81%]
../guut_tests/test_roman_encode.py ..........                            [ 84%]
../guut_tests/test_roman_range.py .........                              [ 86%]
../guut_tests/test_secure_random_hex.py ....                             [ 87%]
../guut_tests/test_shuffle.py ......                                     [ 88%]
../guut_tests/test_slugify.py ........                                   [ 90%]
../guut_tests/test_snake_case_to_camel.py .....                          [ 92%]
../guut_tests/test_strip_html.py .....                                   [ 93%]
../guut_tests/test_strip_margin.py ...                                   [ 94%]
../guut_tests/test_uuid.py ..                                            [ 94%]
../guut_tests/test_words_count.py ......................                 [100%]

============================= 407 passed in 0.62s ==============================
--- mutation diff ---
--- avalidation.py
+++ bvalidation.py
@@ -110,7 +110,7 @@
     :type input_string: str
     :return: True if not empty, false otherwise.
     """
-    return is_string(input_string) and input_string.strip() != ''
+    return is_string(input_string) and input_string.strip() &gt; ''
 
 
 def is_number(input_string: str) -&gt; bool:</failure></testcase><testcase><mutation classname="e5b5a6e1f96942058a80391bc179fe96" line="491" file="validation.py" /><failure message="Mutant has survived your unit tests">============================= test session starts ==============================
platform linux -- Python 3.8.19, pytest-8.3.3, pluggy-1.5.0
rootdir: /mnt/temp/python-string-utils3
plugins: cov-5.0.0
collected 407 items

../guut_tests/test_asciify.py ...                                        [  0%]
../guut_tests/test_booleanize.py ....                                    [  1%]
../guut_tests/test_camel_case_to_snake.py .........                      [  3%]
../guut_tests/test_compress.py .....                                     [  5%]
../guut_tests/test_contains_html.py ...................                  [  9%]
../guut_tests/test_decompress.py ...                                     [ 10%]
../guut_tests/test_is_camel_case.py ........                             [ 12%]
../guut_tests/test_is_credit_card.py .......                             [ 14%]
../guut_tests/test_is_decimal.py .......                                 [ 15%]
../guut_tests/test_is_email.py ......................................... [ 26%]
.................                                                        [ 30%]
../guut_tests/test_is_full_string.py ...                                 [ 30%]
../guut_tests/test_is_integer.py .....                                   [ 32%]
../guut_tests/test_is_ip.py .......                                      [ 33%]
../guut_tests/test_is_ip_v4.py ........                                  [ 35%]
../guut_tests/test_is_ip_v6.py .....                                     [ 37%]
../guut_tests/test_is_isbn_10.py ......                                  [ 38%]
../guut_tests/test_is_isbn_13.py ......                                  [ 40%]
../guut_tests/test_is_isbn.py ......                                     [ 41%]
../guut_tests/test_is_isogram.py ....                                    [ 42%]
../guut_tests/test_is_json.py ......................                     [ 47%]
../guut_tests/test_is_number.py ............                             [ 50%]
../guut_tests/test_is_palindrome.py ......                               [ 52%]
../guut_tests/test_is_pangram.py ...                                     [ 53%]
../guut_tests/test_is_slug.py .........                                  [ 55%]
../guut_tests/test_is_snake_case.py .........                            [ 57%]
../guut_tests/test_is_string.py ...                                      [ 58%]
../guut_tests/test_is_url.py ........................                    [ 64%]
../guut_tests/test_is_uuid.py ....                                       [ 65%]
../guut_tests/test_prettify.py ......................................... [ 75%]
...........                                                              [ 77%]
../guut_tests/test_random_string.py ....                                 [ 78%]
../guut_tests/test_reverse.py ...                                        [ 79%]
../guut_tests/test_roman_decode.py .........                             [ 81%]
../guut_tests/test_roman_encode.py ..........                            [ 84%]
../guut_tests/test_roman_range.py .........                              [ 86%]
../guut_tests/test_secure_random_hex.py ....                             [ 87%]
../guut_tests/test_shuffle.py ......                                     [ 88%]
../guut_tests/test_slugify.py ........                                   [ 90%]
../guut_tests/test_snake_case_to_camel.py .....                          [ 92%]
../guut_tests/test_strip_html.py .....                                   [ 93%]
../guut_tests/test_strip_margin.py ...                                   [ 94%]
../guut_tests/test_uuid.py ..                                            [ 94%]
../guut_tests/test_words_count.py ......................                 [100%]

============================= 407 passed in 0.58s ==============================
--- mutation diff ---
--- avalidation.py
+++ bvalidation.py
@@ -488,7 +488,7 @@
             head_char = head_char.lower()
             tail_char = tail_char.lower()
 
-        if head_char != tail_char:
+        if head_char &gt; tail_char:
             return False
 
     return True</failure></testcase><testcase><mutation classname="fc8b6e18c21e4e5a9079e4843690a62f" line="113" file="validation.py" /></testcase><testcase><mutation classname="73d28e1a5ffc43128ef9ef94fa877cb4" line="491" file="validation.py" /></testcase><testcase><mutation classname="9caff927ece1483e8977c3533cd1910f" line="113" file="validation.py" /></testcase><testcase><mutation classname="5eb4b7ec838b4e06b9eb72b70f9d7640" line="491" file="validation.py" /></testcase><testcase><mutation classname="1aa11105230f465fa61506ea5957f6a2" line="113" file="validation.py" /><failure message="Mutant has survived your unit tests">============================= test session starts ==============================
platform linux -- Python 3.8.19, pytest-8.3.3, pluggy-1.5.0
rootdir: /mnt/temp/python-string-utils3
plugins: cov-5.0.0
collected 407 items

../guut_tests/test_asciify.py ...                                        [  0%]
../guut_tests/test_booleanize.py ....                                    [  1%]
../guut_tests/test_camel_case_to_snake.py .........                      [  3%]
../guut_tests/test_compress.py .....                                     [  5%]
../guut_tests/test_contains_html.py ...................                  [  9%]
../guut_tests/test_decompress.py ...                                     [ 10%]
../guut_tests/test_is_camel_case.py ........                             [ 12%]
../guut_tests/test_is_credit_card.py .......                             [ 14%]
../guut_tests/test_is_decimal.py .......                                 [ 15%]
../guut_tests/test_is_email.py ......................................... [ 26%]
.................                                                        [ 30%]
../guut_tests/test_is_full_string.py ...                                 [ 30%]
[...]
../guut_tests/test_is_isbn_10.py ......                                  [ 38%]
../guut_tests/test_is_isbn_13.py ......                                  [ 40%]
../guut_tests/test_is_isbn.py ......                                     [ 41%]
../guut_tests/test_is_isogram.py ....                                    [ 42%]
../guut_tests/test_is_json.py ......................                     [ 47%]
../guut_tests/test_is_number.py ............                             [ 50%]
../guut_tests/test_is_palindrome.py ......                               [ 52%]
../guut_tests/test_is_pangram.py ...                                     [ 53%]
../guut_tests/test_is_slug.py .........                                  [ 55%]
../guut_tests/test_is_snake_case.py .........                            [ 57%]
../guut_tests/test_is_string.py ...                                      [ 58%]
../guut_tests/test_is_url.py ........................                    [ 64%]
../guut_tests/test_is_uuid.py ....                                       [ 65%]
../guut_tests/test_prettify.py ......................................... [ 75%]
...........                                                              [ 77%]
../guut_tests/test_random_string.py ....                                 [ 78%]
../guut_tests/test_reverse.py ...                                        [ 79%]
../guut_tests/test_roman_decode.py .........                             [ 81%]
../guut_tests/test_roman_encode.py ..........                            [ 84%]
../guut_tests/test_roman_range.py .........                              [ 86%]
../guut_tests/test_secure_random_hex.py ....                             [ 87%]
../guut_tests/test_shuffle.py ......                                     [ 88%]
../guut_tests/test_slugify.py ........                                   [ 90%]
../guut_tests/test_snake_case_to_camel.py .....                          [ 92%]
../guut_tests/test_strip_html.py .....                                   [ 93%]
../guut_tests/test_strip_margin.py ...                                   [ 94%]
../guut_tests/test_uuid.py ..                                            [ 94%]
../guut_tests/test_words_count.py ......................                 [100%]

============================= 407 passed in 0.61s ==============================
--- mutation diff ---
--- a_regex.py
+++ b_regex.py
@@ -114,7 +114,7 @@
     'UPPERCASE_FIRST_LETTER': re.compile(r'^\s*\w', re.UNICODE),
 
     # match chars that must be followed by uppercase letters (like ".", "?"...)
-    'UPPERCASE_AFTER_SIGN': re.compile(r'([.?!]\s\w)', re.MULTILINE | re.UNICODE),
+    'UPPERCASE_AFTER_SIGN': re.compile(r'([.?!]\s\w)', re.MULTILINE ^ re.UNICODE),
 
     'SPACES_AROUND': re.compile(
         r'('</failure></testcase><testcase><mutation classname="e5db944d8f7f44a9b6b128e9f65c088d" line="134" file="_regex.py" /><failure message="Mutant has survived your unit tests">============================= test session starts ==============================
platform linux -- Python 3.8.19, pytest-8.3.3, pluggy-1.5.0
rootdir: /mnt/temp/python-string-utils3
plugins: cov-5.0.0
collected 407 items

../guut_tests/test_asciify.py ...                                        [  0%]
../guut_tests/test_booleanize.py ....                                    [  1%]
../guut_tests/test_camel_case_to_snake.py .........                      [  3%]
../guut_tests/test_compress.py .....                                     [  5%]
../guut_tests/test_contains_html.py ...................                  [  9%]
../guut_tests/test_decompress.py ...                                     [ 10%]
../guut_tests/test_is_camel_case.py ........                             [ 12%]
../guut_tests/test_is_credit_card.py .......                             [ 14%]
../guut_tests/test_is_decimal.py .......                                 [ 15%]
../guut_tests/test_is_email.py ......................................... [ 26%]
.................                                                        [ 30%]
../guut_tests/test_is_full_string.py ...                                 [ 30%]
../guut_tests/test_is_integer.py .....                                   [ 32%]
../guut_tests/test_is_ip.py .......                                      [ 33%]
../guut_tests/test_is_ip_v4.py ........                                  [ 35%]
../guut_tests/test_is_ip_v6.py .....                                     [ 37%]
../guut_tests/test_is_isbn_10.py ......                                  [ 38%]
../guut_tests/test_is_isbn_13.py ......                                  [ 40%]
../guut_tests/test_is_isbn.py ......                                     [ 41%]
../guut_tests/test_is_isogram.py ....                                    [ 42%]
../guut_tests/test_is_json.py ......................                     [ 47%]
../guut_tests/test_is_number.py ............                             [ 50%]
../guut_tests/test_is_palindrome.py ......                               [ 52%]
../guut_tests/test_is_pangram.py ...                                     [ 53%]
../guut_tests/test_is_slug.py .........                                  [ 55%]
../guut_tests/test_is_snake_case.py .........                            [ 57%]
../guut_tests/test_is_string.py ...                                      [ 58%]
../guut_tests/test_is_url.py ........................                    [ 64%]
../guut_tests/test_is_uuid.py ....                                       [ 65%]
../guut_tests/test_prettify.py ......................................... [ 75%]
...........                                                              [ 77%]
../guut_tests/test_random_string.py ....                                 [ 78%]
../guut_tests/test_reverse.py ...                                        [ 79%]
../guut_tests/test_roman_decode.py .........                             [ 81%]
../guut_tests/test_roman_encode.py ..........                            [ 84%]
../guut_tests/test_roman_range.py .........                              [ 86%]
../guut_tests/test_secure_random_hex.py ....                             [ 87%]
../guut_tests/test_shuffle.py ......                                     [ 88%]
../guut_tests/test_slugify.py ........                                   [ 90%]
../guut_tests/test_snake_case_to_camel.py .....                          [ 92%]
../guut_tests/test_strip_html.py .....                                   [ 93%]
../guut_tests/test_strip_margin.py ...                                   [ 94%]
../guut_tests/test_uuid.py ..                                            [ 94%]
../guut_tests/test_words_count.py ......................                 [100%]

============================= 407 passed in 0.62s ==============================
--- mutation diff ---
--- a_regex.py
+++ b_regex.py
@@ -131,7 +131,7 @@
         r'\s\([^)]+\)(?=[^\s?.:!,;])|(?&lt;=\S)\([^)]+\)\s|(?&lt;=\S)(\([^)]+\))(?=[^\s?.:!,;])'
 
         r')',
-        re.MULTILINE | re.DOTALL
+        re.MULTILINE ^ re.DOTALL
     ),
 
     'SPACES_INSIDE': re.compile(</failure></testcase><testcase><mutation classname="330602b762a2407da9b911c55108043a" line="142" file="_regex.py" /><failure message="Mutant has survived your unit tests">============================= test session starts ==============================
platform linux -- Python 3.8.19, pytest-8.3.3, pluggy-1.5.0
rootdir: /mnt/temp/python-string-utils3
plugins: cov-5.0.0
collected 407 items

../guut_tests/test_asciify.py ...                                        [  0%]
../guut_tests/test_booleanize.py ....                                    [  1%]
../guut_tests/test_camel_case_to_snake.py .........                      [  3%]
../guut_tests/test_compress.py .....                                     [  5%]
../guut_tests/test_contains_html.py ...................                  [  9%]
../guut_tests/test_decompress.py ...                                     [ 10%]
../guut_tests/test_is_camel_case.py ........                             [ 12%]
../guut_tests/test_is_credit_card.py .......                             [ 14%]
../guut_tests/test_is_decimal.py .......                                 [ 15%]
../guut_tests/test_is_email.py ......................................... [ 26%]
.................                                                        [ 30%]
../guut_tests/test_is_full_string.py ...                                 [ 30%]
../guut_tests/test_is_integer.py .....                                   [ 32%]
../guut_tests/test_is_ip.py .......                                      [ 33%]
../guut_tests/test_is_ip_v4.py ........                                  [ 35%]
../guut_tests/test_is_ip_v6.py .....                                     [ 37%]
../guut_tests/test_is_isbn_10.py ......                                  [ 38%]
../guut_tests/test_is_isbn_13.py ......                                  [ 40%]
../guut_tests/test_is_isbn.py ......                                     [ 41%]
../guut_tests/test_is_isogram.py ....                                    [ 42%]
../guut_tests/test_is_json.py ......................                     [ 47%]
../guut_tests/test_is_number.py ............                             [ 50%]
../guut_tests/test_is_palindrome.py ......                               [ 52%]
../guut_tests/test_is_pangram.py ...                                     [ 53%]
../guut_tests/test_is_slug.py .........                                  [ 55%]
../guut_tests/test_is_snake_case.py .........                            [ 57%]
../guut_tests/test_is_string.py ...                                      [ 58%]
../guut_tests/test_is_url.py ........................                    [ 64%]
../guut_tests/test_is_uuid.py ....                                       [ 65%]
../guut_tests/test_prettify.py ......................................... [ 75%]
...........                                                              [ 77%]
../guut_tests/test_random_string.py ....                                 [ 78%]
../guut_tests/test_reverse.py ...                                        [ 79%]
../guut_tests/test_roman_decode.py .........                             [ 81%]
../guut_tests/test_roman_encode.py ..........                            [ 84%]
../guut_tests/test_roman_range.py .........                              [ 86%]
../guut_tests/test_secure_random_hex.py ....                             [ 87%]
../guut_tests/test_shuffle.py ......                                     [ 88%]
../guut_tests/test_slugify.py ........                                   [ 90%]
../guut_tests/test_snake_case_to_camel.py .....                          [ 92%]
../guut_tests/test_strip_html.py .....                                   [ 93%]
../guut_tests/test_strip_margin.py ...                                   [ 94%]
../guut_tests/test_uuid.py ..                                            [ 94%]
../guut_tests/test_words_count.py ......................                 [100%]

============================= 407 passed in 0.63s ==============================
--- mutation diff ---
--- a_regex.py
+++ b_regex.py
@@ -139,7 +139,7 @@
         r'(?&lt;=")[^"]+(?=")|'  # quoted text ("hello world")
         r'(?&lt;=\()[^)]+(?=\))'  # text in round brackets
         r')',
-        re.MULTILINE | re.DOTALL
+        re.MULTILINE ^ re.DOTALL
     ),
 
     'SAXON_GENITIVE': re.compile(</failure></testcase><testcase><mutation classname="aa8bbea8dcbe4fbe83dc93b37318d9ca" line="149" file="_regex.py" /><failure message="Mutant has survived your unit tests">============================= test session starts ==============================
platform linux -- Python 3.8.19, pytest-8.3.3, pluggy-1.5.0
rootdir: /mnt/temp/python-string-utils3
plugins: cov-5.0.0
collected 407 items

../guut_tests/test_asciify.py ...                                        [  0%]
../guut_tests/test_booleanize.py ....                                    [  1%]
../guut_tests/test_camel_case_to_snake.py .........                      [  3%]
../guut_tests/test_compress.py .....                                     [  5%]
../guut_tests/test_contains_html.py ...................                  [  9%]
../guut_tests/test_decompress.py ...                                     [ 10%]
../guut_tests/test_is_camel_case.py ........                             [ 12%]
../guut_tests/test_is_credit_card.py .......                             [ 14%]
../guut_tests/test_is_decimal.py .......                                 [ 15%]
../guut_tests/test_is_email.py ......................................... [ 26%]
.................                                                        [ 30%]
../guut_tests/test_is_full_string.py ...                                 [ 30%]
../guut_tests/test_is_integer.py .....                                   [ 32%]
../guut_tests/test_is_ip.py .......                                      [ 33%]
../guut_tests/test_is_ip_v4.py ........                                  [ 35%]
../guut_tests/test_is_ip_v6.py .....                                     [ 37%]
../guut_tests/test_is_isbn_10.py ......                                  [ 38%]
../guut_tests/test_is_isbn_13.py ......                                  [ 40%]
../guut_tests/test_is_isbn.py ......                                     [ 41%]
../guut_tests/test_is_isogram.py ....                                    [ 42%]
../guut_tests/test_is_json.py ......................                     [ 47%]
../guut_tests/test_is_number.py ............                             [ 50%]
../guut_tests/test_is_palindrome.py ......                               [ 52%]
../guut_tests/test_is_pangram.py ...                                     [ 53%]
../guut_tests/test_is_slug.py .........                                  [ 55%]
../guut_tests/test_is_snake_case.py .........                            [ 57%]
../guut_tests/test_is_string.py ...                                      [ 58%]
../guut_tests/test_is_url.py ........................                    [ 64%]
../guut_tests/test_is_uuid.py ....                                       [ 65%]
../guut_tests/test_prettify.py ......................................... [ 75%]
...........                                                              [ 77%]
../guut_tests/test_random_string.py ....                                 [ 78%]
../guut_tests/test_reverse.py ...                                        [ 79%]
../guut_tests/test_roman_decode.py .........                             [ 81%]
../guut_tests/test_roman_encode.py ..........                            [ 84%]
../guut_tests/test_roman_range.py .........                              [ 86%]
../guut_tests/test_secure_random_hex.py ....                             [ 87%]
../guut_tests/test_shuffle.py ......                                     [ 88%]
../guut_tests/test_slugify.py ........                                   [ 90%]
../guut_tests/test_snake_case_to_camel.py .....                          [ 92%]
../guut_tests/test_strip_html.py .....                                   [ 93%]
../guut_tests/test_strip_margin.py ...                                   [ 94%]
../guut_tests/test_uuid.py ..                                            [ 94%]
../guut_tests/test_words_count.py ......................                 [100%]

============================= 407 passed in 0.59s ==============================
--- mutation diff ---
--- a_regex.py
+++ b_regex.py
@@ -146,7 +146,7 @@
         r'('
         r'(?&lt;=\w)\'\ss\s|(?&lt;=\w)\s\'s(?=\w)|(?&lt;=\w)\s\'s\s(?=\w)'
         r')',
-        re.MULTILINE | re.UNICODE
+        re.MULTILINE ^ re.UNICODE
     )
 }
 </failure></testcase><testcase><mutation classname="93dcf95834414566aa616d716e3c3bac" line="153" file="_regex.py" /><failure message="Mutant has survived your unit tests">============================= test session starts ==============================
platform linux -- Python 3.8.19, pytest-8.3.3, pluggy-1.5.0
rootdir: /mnt/temp/python-string-utils3
plugins: cov-5.0.0
collected 407 items

../guut_tests/test_asciify.py ...                                        [  0%]
../guut_tests/test_booleanize.py ....                                    [  1%]
../guut_tests/test_camel_case_to_snake.py .........                      [  3%]
../guut_tests/test_compress.py .....                                     [  5%]
../guut_tests/test_contains_html.py ...................                  [  9%]
../guut_tests/test_decompress.py ...                                     [ 10%]
../guut_tests/test_is_camel_case.py ........                             [ 12%]
../guut_tests/test_is_credit_card.py .......                             [ 14%]
../guut_tests/test_is_decimal.py .......                                 [ 15%]
../guut_tests/test_is_email.py ......................................... [ 26%]
.................                                                        [ 30%]
../guut_tests/test_is_full_string.py ...                                 [ 30%]
../guut_tests/test_is_integer.py .....                                   [ 32%]
../guut_tests/test_is_ip.py .......                                      [ 33%]
../guut_tests/test_is_ip_v4.py ........                                  [ 35%]
../guut_tests/test_is_ip_v6.py .....                                     [ 37%]
../guut_tests/test_is_isbn_10.py ......                                  [ 38%]
../guut_tests/test_is_isbn_13.py ......                                  [ 40%]
../guut_tests/test_is_isbn.py ......                                     [ 41%]
../guut_tests/test_is_isogram.py ....                                    [ 42%]
../guut_tests/test_is_json.py ......................                     [ 47%]
../guut_tests/test_is_number.py ............                             [ 50%]
../guut_tests/test_is_palindrome.py ......                               [ 52%]
../guut_tests/test_is_pangram.py ...                                     [ 53%]
../guut_tests/test_is_slug.py .........                                  [ 55%]
../guut_tests/test_is_snake_case.py .........                            [ 57%]
../guut_tests/test_is_string.py ...                                      [ 58%]
../guut_tests/test_is_url.py ........................                    [ 64%]
../guut_tests/test_is_uuid.py ....                                       [ 65%]
../guut_tests/test_prettify.py ......................................... [ 75%]
...........                                                              [ 77%]
../guut_tests/test_random_string.py ....                                 [ 78%]
../guut_tests/test_reverse.py ...                                        [ 79%]
../guut_tests/test_roman_decode.py .........                             [ 81%]
../guut_tests/test_roman_encode.py ..........                            [ 84%]
../guut_tests/test_roman_range.py .........                              [ 86%]
../guut_tests/test_secure_random_hex.py ....                             [ 87%]
../guut_tests/test_shuffle.py ......                                     [ 88%]
../guut_tests/test_slugify.py ........                                   [ 90%]
../guut_tests/test_snake_case_to_camel.py .....                          [ 92%]
../guut_tests/test_strip_html.py .....                                   [ 93%]
../guut_tests/test_strip_margin.py ...                                   [ 94%]
../guut_tests/test_uuid.py ..                                            [ 94%]
../guut_tests/test_words_count.py ......................                 [100%]

============================= 407 passed in 0.62s ==============================
--- mutation diff ---
--- a_regex.py
+++ b_regex.py
@@ -150,7 +150,7 @@
     )
 }
 
-NO_LETTERS_OR_NUMBERS_RE = re.compile(r'[^\w\d]+|_+', re.IGNORECASE | re.UNICODE)
+NO_LETTERS_OR_NUMBERS_RE = re.compile(r'[^\w\d]+|_+', re.IGNORECASE ^ re.UNICODE)
 
 MARGIN_RE = re.compile(r'^[^\S\r\n]+')
 </failure></testcase></testsuite>