Running test on mutant:
============================= test session starts ==============================
platform linux -- Python 3.8.19, pytest-8.3.3, pluggy-1.5.0
rootdir: /mnt/temp/inspect_mutant
collected 1 item

../test.py F

=================================== FAILURES ===================================
_____________________________________ test _____________________________________

    def test():
        with TemporaryDirectory() as tempdir:
            (Path(tempdir) / "path").mkdir()
            (Path(tempdir) / "path" / "sub.py").write_text("__all__ = []")
            (Path(tempdir) / "path" / "sub.pyi").touch()
            (Path(tempdir) / "main.py").write_text(f"__path__ = ['{tempdir}/path']; import path.sub")
    
            sys.path.append(tempdir)
>           assert "sub" in load_root("main", "main")
E           AssertionError: assert 'sub' in '# main API\n\n## Module `main`\n'
E            +  where '# main API\n\n## Module `main`\n' = load_root('main', 'main')

../test.py:15: AssertionError
=========================== short test summary info ============================
FAILED ../test.py::test - AssertionError: assert 'sub' in '# main API\n\n## M...
============================== 1 failed in 0.03s ===============================
