Running test on mutant:
============================= test session starts ==============================
platform linux -- Python 3.8.19, pytest-8.3.3, pluggy-1.5.0
rootdir: /mnt/temp/inspect_mutant
collected 1 item

../test.py F

=================================== FAILURES ===================================
_____________________________________ test _____________________________________

    def test():
        schema = A.schema()
>       assert not schema.fields["value"].allow_none
E       AssertionError: assert not True
E        +  where True = <fields.Integer(dump_default=1, attribute=None, validate=None, required=False, load_only=False, dump_only=False, load_...be null.', 'validator_failed': 'Invalid value.', 'invalid': 'Not a valid integer.', 'too_large': 'Number too large.'})>.allow_none

../test.py:13: AssertionError
=============================== warnings summary ===============================
../../../../home/marvin/workspace/guut-evaluation/emse_projects_data/venvs/dataclasses-json/lib/python3.8/site-packages/stringcase.py:247
  /home/marvin/workspace/guut-evaluation/emse_projects_data/venvs/dataclasses-json/lib/python3.8/site-packages/stringcase.py:247: DeprecationWarning: invalid escape sequence \W
    return re.sub("\W+", "", string)

test.py::test
  /home/marvin/workspace/guut-evaluation/emse_projects_data/venvs/dataclasses-json/lib/python3.8/site-packages/marshmallow/fields.py:948: RemovedInMarshmallow4Warning: The 'default' argument to fields is deprecated. Use 'dump_default' instead.
    super().__init__(**kwargs)

-- Docs: https://docs.pytest.org/en/stable/how-to/capture-warnings.html
=========================== short test summary info ============================
FAILED ../test.py::test - AssertionError: assert not True
======================== 1 failed, 2 warnings in 0.11s =========================
