Running test on mutant:
============================= test session starts ==============================
platform linux -- Python 3.8.19, pytest-8.3.3, pluggy-1.5.0
rootdir: /mnt/temp/inspect_mutant
collected 1 item

../test.py F

=================================== FAILURES ===================================
_____________________________________ test _____________________________________

    def test():
        obj = A.from_dict({"a": {"b": 1}})
>       assert not isinstance(obj.a, B)
E       assert not True
E        +  where True = isinstance(B(b=1), B)
E        +    where B(b=1) = A(a=B(b=1)).a

../test.py:19: AssertionError
=============================== warnings summary ===============================
../../../../home/marvin/workspace/guut-evaluation/emse_projects_data/venvs/dataclasses-json/lib/python3.8/site-packages/stringcase.py:247
  /home/marvin/workspace/guut-evaluation/emse_projects_data/venvs/dataclasses-json/lib/python3.8/site-packages/stringcase.py:247: DeprecationWarning: invalid escape sequence \W
    return re.sub("\W+", "", string)

-- Docs: https://docs.pytest.org/en/stable/how-to/capture-warnings.html
=========================== short test summary info ============================
FAILED ../test.py::test - assert not True
========================= 1 failed, 1 warning in 0.13s =========================
