Running test on mutant:
============================= test session starts ==============================
platform linux -- Python 3.8.19, pytest-8.3.3, pluggy-1.5.0
rootdir: /mnt/temp/inspect_mutant
collected 1 item

../test.py F

=================================== FAILURES ===================================
_____________________________________ test _____________________________________

    def test():
        import warnings
        warnings.filterwarnings("error")
    
        try:
            # importing without __pycache__ present raises a SyntaxWarning
>           from docstring_parser.google import GoogleParser

../test.py:7: 
_ _ _ _ _ _ _ _ _ _ _ _ _ _ _ _ _ _ _ _ _ _ _ _ _ _ _ _ _ _ _ _ _ _ _ _ _ _ _ _ 
docstring_parser/__init__.py:12: in <module>
    from .parser import parse
docstring_parser/parser.py:4: in <module>
    from docstring_parser.styles import STYLES, Style
_ _ _ _ _ _ _ _ _ _ _ _ _ _ _ _ _ _ _ _ _ _ _ _ _ _ _ _ _ _ _ _ _ _ _ _ _ _ _ _ 

    """Style enum declaration."""
    
    import enum
    
>   from . import google, numpydoc, rest
E     File "/mnt/temp/inspect_mutant/docstring_parser_mutant/docstring_parser/google.py", line 108
E       desc = desc[1:] if desc[0] is " " else desc
E                          ^
E   SyntaxError: "is" with a literal. Did you mean "=="?

docstring_parser/styles.py:5: SyntaxError

During handling of the above exception, another exception occurred:

    def test():
        import warnings
        warnings.filterwarnings("error")
    
        try:
            # importing without __pycache__ present raises a SyntaxWarning
            from docstring_parser.google import GoogleParser
        except SyntaxError:
>           assert False
E           assert False

../test.py:9: AssertionError
=========================== short test summary info ============================
FAILED ../test.py::test - assert False
============================== 1 failed in 0.03s ===============================
