Running test on mutant:
============================= test session starts ==============================
platform linux -- Python 3.8.19, pytest-8.3.3, pluggy-1.5.0
rootdir: /mnt/temp/inspect_mutant
collected 1 item

../test.py F

=================================== FAILURES ===================================
_____________________________________ test _____________________________________

    def test():
        section = ParamSection("Notes", "notes")
        def mock_search(value):
            assert False
        numpydoc.PARAM_DEFAULT_REGEX = SimpleNamespace(search=mock_search)
    
    
        orig_len = len
        def patched_len(l):
            try:
                if isinstance(l, MockString):
                    __builtins__["len"] = orig_len
                    return -1
            except Exception:
                return orig_len(l)
            return orig_len(l)
    
        __builtins__["len"] = patched_len
    
    
>       print(section._parse_item("", MockString("")))

../test.py:30: 
_ _ _ _ _ _ _ _ _ _ _ _ _ _ _ _ _ _ _ _ _ _ _ _ _ _ _ _ _ _ _ _ _ _ _ _ _ _ _ _ 
docstring_parser/numpydoc.py:143: in _parse_item
    default_match = PARAM_DEFAULT_REGEX.search(value)
_ _ _ _ _ _ _ _ _ _ _ _ _ _ _ _ _ _ _ _ _ _ _ _ _ _ _ _ _ _ _ _ _ _ _ _ _ _ _ _ 

value = ''

    def mock_search(value):
>       assert False
E       assert False

../test.py:13: AssertionError
=========================== short test summary info ============================
FAILED ../test.py::test - assert False
============================== 1 failed in 0.04s ===============================
