Running test on mutant:
============================= test session starts ==============================
platform linux -- Python 3.8.19, pytest-8.3.3, pluggy-1.5.0
rootdir: /mnt/temp/inspect_mutant
collected 1 item

../test.py F

=================================== FAILURES ===================================
_____________________________________ test _____________________________________

    def test():
>       assert SectionType.SINGULAR_OR_MULTIPLE.value == 2
E       assert 3 == 2
E        +  where 3 = <SectionType.SINGULAR_OR_MULTIPLE: 3>.value
E        +    where <SectionType.SINGULAR_OR_MULTIPLE: 3> = SectionType.SINGULAR_OR_MULTIPLE

../test.py:5: AssertionError
=========================== short test summary info ============================
FAILED ../test.py::test - assert 3 == 2
============================== 1 failed in 0.03s ===============================
