Running test on mutant:
============================= test session starts ==============================
platform linux -- Python 3.8.19, pytest-8.3.3, pluggy-1.5.0
rootdir: /mnt/temp/inspect_mutant
collected 1 item

../test.py F

=================================== FAILURES ===================================
_____________________________________ test _____________________________________

    def test():
        section = RaisesSection(MockString("Notes"), "notes")
    
        orig_len = len
        def patched_len(l):
            try:
                if isinstance(l, MockString):
                    __builtins__["len"] = orig_len
                    return -1
            except Exception:
                return orig_len(l)
            return orig_len(l)
    
        __builtins__["len"] = patched_len
    
>       assert section._parse_item(MockString("key"), "value").type_name is None
E       AssertionError: assert 'key' is None
E        +  where 'key' = <docstring_parser.common.DocstringRaises object at 0x700292d4b100>.type_name
E        +    where <docstring_parser.common.DocstringRaises object at 0x700292d4b100> = _parse_item('key', 'value')
E        +      where _parse_item = <docstring_parser.numpydoc.RaisesSection object at 0x700292d35c70>._parse_item
E        +      and   'key' = MockString('key')

../test.py:25: AssertionError
=========================== short test summary info ============================
FAILED ../test.py::test - AssertionError: assert 'key' is None
============================== 1 failed in 0.03s ===============================
