Running test on mutant:
============================= test session starts ==============================
platform linux -- Python 3.8.19, pytest-8.3.3, pluggy-1.5.0
rootdir: /mnt/temp/inspect_mutant
collected 1 item

../test.py F

=================================== FAILURES ===================================
_____________________________________ test _____________________________________

    def test():
        docstring_parser.rest.YIELDS_KEYWORDS |= docstring_parser.rest.RETURNS_KEYWORDS
        try:
            docstring_parser.rest._build_meta(["return", "b", "c"], "d")
>           assert False
E           assert False

../test.py:9: AssertionError
=========================== short test summary info ============================
FAILED ../test.py::test - assert False
============================== 1 failed in 0.03s ===============================
