Running test on mutant:
============================= test session starts ==============================
platform linux -- Python 3.8.19, pytest-8.3.3, pluggy-1.5.0
rootdir: /mnt/temp/inspect_mutant
collected 1 item

../../test.py F

=================================== FAILURES ===================================
_____________________________________ test _____________________________________

    def test():
        FlakesChecker.with_doctest = True
        FlakesChecker.include_in_doctest = ["a.py"]
        FlakesChecker.exclude_from_doctest = [""]
        checker = FlakesChecker(ast.parse("import sys"), (), "filename.py")
>       assert checker.withDoctest
E       assert False
E        +  where False = <flake8.plugins.pyflakes.FlakesChecker object at 0x715a47c5ebe0>.withDoctest

../../test.py:11: AssertionError
=========================== short test summary info ============================
FAILED ../../test.py::test - assert False
============================== 1 failed in 0.06s ===============================
