Running test on mutant:
============================= test session starts ==============================
platform linux -- Python 3.8.19, pytest-8.3.3, pluggy-1.5.0
rootdir: /mnt/temp/inspect_mutant
collected 1 item

../../test.py F

=================================== FAILURES ===================================
_____________________________________ test _____________________________________

    def test():
        utils.__dict__["_tokenize_files_to_codes_mapping"] = lambda x: [utils._Token("zzz", "")]
    
        try:
            utils.parse_files_to_codes_mapping("   project/__init__.py:F401 setup.py:E121")
>           assert False
E           assert False

../../test.py:10: AssertionError
=========================== short test summary info ============================
FAILED ../../test.py::test - assert False
============================== 1 failed in 0.03s ===============================
