Running test on mutant:
============================= test session starts ==============================
platform linux -- Python 3.8.19, pytest-8.3.3, pluggy-1.5.0
rootdir: /mnt/temp/inspect_mutant
collected 1 item

../test.py F

=================================== FAILURES ===================================
_____________________________________ test _____________________________________

    def test():
        Proxy = ProgressBarManager.Proxy
        queue = MockQueue()
        p = Proxy(queue)
    
        l = [1, 2, 3, 4]
        _enumerate = __builtins__["enumerate"]
        __builtins__["enumerate"] = lambda x: [(MockInt(), y) for y in x] if x is l else _enumerate(x)
        try:
            list(p._iter_per_percentage(l, 4, .1))
>           assert False
E           assert False

../test.py:27: AssertionError
=========================== short test summary info ============================
FAILED ../test.py::test - assert False
============================== 1 failed in 0.08s ===============================
