Running test on mutant:
============================= test session starts ==============================
platform linux -- Python 3.8.19, pytest-8.3.3, pluggy-1.5.0
rootdir: /mnt/temp/inspect_mutant
collected 1 item

../test.py F

=================================== FAILURES ===================================
_____________________________________ test _____________________________________

    def test():
        with flutes.safe_pool(processes=4, state_class=MockState) as pool_stateful:
            try:
                pool_stateful.broadcast(MockState.simple_fn)
>               assert False
E               assert False

../test.py:19: AssertionError
=========================== short test summary info ============================
FAILED ../test.py::test - assert False
============================== 1 failed in 0.08s ===============================
