Running test on mutant:
============================= test session starts ==============================
platform linux -- Python 3.8.19, pytest-8.3.3, pluggy-1.5.0
rootdir: /mnt/temp/inspect_mutant
collected 1 item

../test.py F

=================================== FAILURES ===================================
_____________________________________ test _____________________________________

    def test():
        Proxy = ProgressBarManager.Proxy
        queue = MockQueue()
        p = Proxy(queue)
    
        def assert_update(n):
            assert n == 2
        p.update = assert_update
    
>       print(list(p._iter_per_percentage([1,2,3,4,5,6,7,8], 4, .5)))

../test.py:22: 
_ _ _ _ _ _ _ _ _ _ _ _ _ _ _ _ _ _ _ _ _ _ _ _ _ _ _ _ _ _ _ _ _ _ _ _ _ _ _ _ 
flutes/multiproc.py:947: in _iter_per_percentage
    self.update(idx - prev_index)
_ _ _ _ _ _ _ _ _ _ _ _ _ _ _ _ _ _ _ _ _ _ _ _ _ _ _ _ _ _ _ _ _ _ _ _ _ _ _ _ 

n = 1

    def assert_update(n):
>       assert n == 2
E       assert 1 == 2

../test.py:19: AssertionError
=========================== short test summary info ============================
FAILED ../test.py::test - assert 1 == 2
============================== 1 failed in 0.09s ===============================
