Running test on mutant:
============================= test session starts ==============================
platform linux -- Python 3.8.19, pytest-8.3.3, pluggy-1.5.0
rootdir: /mnt/temp/inspect_mutant
collected 1 item

../test.py F

=================================== FAILURES ===================================
_____________________________________ test _____________________________________

    def test():
>       assert isinstance(HTTPMessage.body, property)
E       assert False
E        +  where False = isinstance(<function HTTPMessage.body at 0x78a6d5fcf700>, property)
E        +    where <function HTTPMessage.body at 0x78a6d5fcf700> = HTTPMessage.body

../test.py:5: AssertionError
=========================== short test summary info ============================
FAILED ../test.py::test - assert False
============================== 1 failed in 0.03s ===============================
