Running test on mutant:
============================= test session starts ==============================
platform linux -- Python 3.8.19, pytest-8.3.3, pluggy-1.5.0
rootdir: /mnt/temp/inspect_mutant
collected 1 item

../test.py F

=================================== FAILURES ===================================
_____________________________________ test _____________________________________

    def test():
        mutated_option = [a for a in auth._actions if "-A" in a.option_strings][0]
>       assert "builtin" not in mutated_option.help
E       assert 'builtin' not in '\n    The a...in))\n\n    '
E         
E         'builtin' is contained here:
E           vided by (builtin))
E         ?           +++++++
E               "digest": Digest HTTP auth (provided by (builtin))

../test.py:5: AssertionError
=============================== warnings summary ===============================
httpie/plugins/manager.py:5
  /mnt/temp/inspect_mutant/httpie_mutant/httpie/plugins/manager.py:5: DeprecationWarning: pkg_resources is deprecated as an API. See https://setuptools.pypa.io/en/latest/pkg_resources.html
    from pkg_resources import iter_entry_points

-- Docs: https://docs.pytest.org/en/stable/how-to/capture-warnings.html
=========================== short test summary info ============================
FAILED ../test.py::test - assert 'builtin' not in '\n    The a...in))\n\n    '
========================= 1 failed, 1 warning in 0.47s =========================
