Running test on mutant:
============================= test session starts ==============================
platform linux -- Python 3.8.19, pytest-8.3.3, pluggy-1.5.0
rootdir: /mnt/temp/inspect_mutant
collected 1 item

../test.py F

=================================== FAILURES ===================================
_____________________________________ test _____________________________________

    def test():
        pa = PrettyAttribute("name", (AttrCategory.DESCRIPTOR,), dummy_function)
>       assert "\n" not in pa.get_oneline_doc()
E       AssertionError: assert '\n' not in 'class funct...getter, 1\n2'
E         
E         '\n' is contained here:
E         ?                              ^
E           class function with getter, 1
E         ?                              ^
E           2

../test.py:11: AssertionError
=========================== short test summary info ============================
FAILED ../test.py::test - AssertionError: assert '\n' not in 'class funct...g...
============================== 1 failed in 0.03s ===============================
